<?xml version="1.0" encoding="UTF-8" ?>
<testsuites name="vitest tests" tests="349" failures="44" errors="0" time="3.071119918">
    <testsuite name="src/grok.test.tsx" timestamp="2025-07-12T22:10:28.028Z" hostname="Mac" tests="2" failures="2" errors="0" skipped="0" time="0.002331625">
        <testcase classname="src/grok.test.tsx" name="src/grok.test.tsx" time="0.002331625">
            <failure message="No test found in suite src/grok.test.tsx" type="Error">
Error: No test found in suite src/grok.test.tsx
            </failure>
        </testcase>
        <testcase classname="src/grok.test.tsx" name="grok.tsx main function" time="0.001526917">
            <failure message="No test found in suite grok.tsx main function" type="Error">
Error: No test found in suite grok.tsx main function
            </failure>
        </testcase>
    </testsuite>
    <testsuite name="src/nonInteractiveCli.test.ts" timestamp="2025-07-12T22:10:28.030Z" hostname="Mac" tests="6" failures="6" errors="0" skipped="0" time="0.008387333">
        <testcase classname="src/nonInteractiveCli.test.ts" name="runNonInteractive &gt; should process input and write text output" time="0.004341167">
            <failure message="config.getGrokClient is not a function" type="TypeError">
TypeError: config.getGrokClient is not a function
 ❯ Module.runNonInteractive src/nonInteractiveCli.ts:61:29
 ❯ src/nonInteractiveCli.test.ts:85:5

            </failure>
        </testcase>
        <testcase classname="src/nonInteractiveCli.test.ts" name="runNonInteractive &gt; should handle a single tool call and respond" time="0.001506167">
            <failure message="config.getGrokClient is not a function" type="TypeError">
TypeError: config.getGrokClient is not a function
 ❯ Module.runNonInteractive src/nonInteractiveCli.ts:61:29
 ❯ src/nonInteractiveCli.test.ts:138:5

            </failure>
        </testcase>
        <testcase classname="src/nonInteractiveCli.test.ts" name="runNonInteractive &gt; should handle error during tool execution" time="0.000615083">
            <failure message="config.getGrokClient is not a function" type="TypeError">
TypeError: config.getGrokClient is not a function
 ❯ Module.runNonInteractive src/nonInteractiveCli.ts:61:29
 ❯ src/nonInteractiveCli.test.ts:198:5

            </failure>
        </testcase>
        <testcase classname="src/nonInteractiveCli.test.ts" name="runNonInteractive &gt; should exit with error if sendMessageStream throws initially" time="0.0003345">
            <failure message="config.getGrokClient is not a function" type="TypeError">
TypeError: config.getGrokClient is not a function
 ❯ Module.runNonInteractive src/nonInteractiveCli.ts:61:29
 ❯ src/nonInteractiveCli.test.ts:222:5

            </failure>
        </testcase>
        <testcase classname="src/nonInteractiveCli.test.ts" name="runNonInteractive &gt; should not exit if a tool is not found, and should send error back to model" time="0.000470791">
            <failure message="config.getGrokClient is not a function" type="TypeError">
TypeError: config.getGrokClient is not a function
 ❯ Module.runNonInteractive src/nonInteractiveCli.ts:61:29
 ❯ src/nonInteractiveCli.test.ts:274:5

            </failure>
        </testcase>
        <testcase classname="src/nonInteractiveCli.test.ts" name="runNonInteractive &gt; should exit when max session turns are exceeded" time="0.000405125">
            <failure message="config.getGrokClient is not a function" type="TypeError">
TypeError: config.getGrokClient is not a function
 ❯ Module.runNonInteractive src/nonInteractiveCli.ts:61:29
 ❯ src/nonInteractiveCli.test.ts:335:5

            </failure>
        </testcase>
    </testsuite>
    <testsuite name="src/config/auth.test.ts" timestamp="2025-07-12T22:10:28.032Z" hostname="Mac" tests="5" failures="0" errors="0" skipped="0" time="0.0025285">
        <testcase classname="src/config/auth.test.ts" name="validateAuthMethod &gt; should return null for OAUTH" time="0.001094208">
        </testcase>
        <testcase classname="src/config/auth.test.ts" name="validateAuthMethod &gt; should return null for CLOUD_SHELL" time="0.000178125">
        </testcase>
        <testcase classname="src/config/auth.test.ts" name="validateAuthMethod &gt; USE_GROK &gt; should return null if XAI_API_KEY is set" time="0.000152083">
        </testcase>
        <testcase classname="src/config/auth.test.ts" name="validateAuthMethod &gt; USE_GROK &gt; should return an error message if XAI_API_KEY is not set" time="0.000186167">
        </testcase>
        <testcase classname="src/config/auth.test.ts" name="validateAuthMethod &gt; should return an error message for an invalid auth method" time="0.000243333">
        </testcase>
    </testsuite>
    <testsuite name="src/config/config.integration.test.ts" timestamp="2025-07-12T22:10:28.032Z" hostname="Mac" tests="11" failures="0" errors="0" skipped="0" time="0.034415375">
        <testcase classname="src/config/config.integration.test.ts" name="Configuration Integration Tests &gt; File Filtering Configuration &gt; should load default file filtering settings" time="0.026703125">
        </testcase>
        <testcase classname="src/config/config.integration.test.ts" name="Configuration Integration Tests &gt; File Filtering Configuration &gt; should load custom file filtering settings from configuration" time="0.00106125">
        </testcase>
        <testcase classname="src/config/config.integration.test.ts" name="Configuration Integration Tests &gt; File Filtering Configuration &gt; should merge user and workspace file filtering settings" time="0.000671458">
        </testcase>
        <testcase classname="src/config/config.integration.test.ts" name="Configuration Integration Tests &gt; Configuration Integration &gt; should handle partial configuration objects gracefully" time="0.000703625">
        </testcase>
        <testcase classname="src/config/config.integration.test.ts" name="Configuration Integration Tests &gt; Configuration Integration &gt; should handle empty configuration objects gracefully" time="0.00060225">
        </testcase>
        <testcase classname="src/config/config.integration.test.ts" name="Configuration Integration Tests &gt; Configuration Integration &gt; should handle missing configuration sections gracefully" time="0.00050925">
        </testcase>
        <testcase classname="src/config/config.integration.test.ts" name="Configuration Integration Tests &gt; Real-world Configuration Scenarios &gt; should handle a security-focused configuration" time="0.000501625">
        </testcase>
        <testcase classname="src/config/config.integration.test.ts" name="Configuration Integration Tests &gt; Real-world Configuration Scenarios &gt; should handle a CI/CD environment configuration" time="0.000556083">
        </testcase>
        <testcase classname="src/config/config.integration.test.ts" name="Configuration Integration Tests &gt; Checkpointing Configuration &gt; should enable checkpointing when the setting is true" time="0.00076725">
        </testcase>
        <testcase classname="src/config/config.integration.test.ts" name="Configuration Integration Tests &gt; Extension Context Files &gt; should have an empty array for extension context files by default" time="0.000828291">
        </testcase>
        <testcase classname="src/config/config.integration.test.ts" name="Configuration Integration Tests &gt; Extension Context Files &gt; should correctly store and return extension context file paths" time="0.000564958">
        </testcase>
    </testsuite>
    <testsuite name="src/config/config.test.ts" timestamp="2025-07-12T22:10:28.033Z" hostname="Mac" tests="37" failures="0" errors="0" skipped="0" time="0.127928459">
        <testcase classname="src/config/config.test.ts" name="loadCliConfig &gt; should set showMemoryUsage to true when --show-memory-usage flag is present" time="0.039676084">
            <system-err>
Error accessing installation ID file, generating ephemeral ID: Error: ENOENT: no such file or directory, mkdir &apos;/mock/home/user/.gemini&apos;
[90m    at Proxy.mkdirSync (node:fs:1363:26)[39m
    at ensureGeminiDirExists (/Users/sam/sites/GrokCLI/packages/core/src/utils/user_id.ts:19:8)
    at getInstallationId (/Users/sam/sites/GrokCLI/packages/core/src/utils/user_id.ts:42:5)
    at ClearcutLogger.createLogEvent (/Users/sam/sites/GrokCLI/packages/core/src/telemetry/clearcut-logger/clearcut-logger.ts:91:53)
    at ClearcutLogger.logStartSessionEvent (/Users/sam/sites/GrokCLI/packages/core/src/telemetry/clearcut-logger/clearcut-logger.ts:266:31)
    at new Config (/Users/sam/sites/GrokCLI/packages/core/src/config/config.ts:247:41)
    at new GrokConfig (/Users/sam/sites/GrokCLI/packages/core/src/config/grokConfig.ts:16:5)
    at Module.loadCliConfig [90m(/Users/sam/sites/GrokCLI/packages/cli/[39msrc/config/config.ts:264:10[90m)[39m
[90m    at processTicksAndRejections (node:internal/process/task_queues:105:5)[39m
    at [90m/Users/sam/sites/GrokCLI/packages/cli/[39msrc/config/config.test.ts:68:20 {
  errno: [33m-2[39m,
  code: [32m&apos;ENOENT&apos;[39m,
  syscall: [32m&apos;mkdir&apos;[39m,
  path: [32m&apos;/mock/home/user/.gemini&apos;[39m
}

            </system-err>
        </testcase>
        <testcase classname="src/config/config.test.ts" name="loadCliConfig &gt; should set showMemoryUsage to false when --memory flag is not present" time="0.002521875">
            <system-err>
Error accessing installation ID file, generating ephemeral ID: Error: ENOENT: no such file or directory, mkdir &apos;/mock/home/user/.gemini&apos;
[90m    at Proxy.mkdirSync (node:fs:1363:26)[39m
    at ensureGeminiDirExists (/Users/sam/sites/GrokCLI/packages/core/src/utils/user_id.ts:19:8)
    at getInstallationId (/Users/sam/sites/GrokCLI/packages/core/src/utils/user_id.ts:42:5)
    at ClearcutLogger.createLogEvent (/Users/sam/sites/GrokCLI/packages/core/src/telemetry/clearcut-logger/clearcut-logger.ts:91:53)
    at ClearcutLogger.logStartSessionEvent (/Users/sam/sites/GrokCLI/packages/core/src/telemetry/clearcut-logger/clearcut-logger.ts:266:31)
    at new Config (/Users/sam/sites/GrokCLI/packages/core/src/config/config.ts:247:41)
    at new GrokConfig (/Users/sam/sites/GrokCLI/packages/core/src/config/grokConfig.ts:16:5)
    at Module.loadCliConfig [90m(/Users/sam/sites/GrokCLI/packages/cli/[39msrc/config/config.ts:264:10[90m)[39m
[90m    at processTicksAndRejections (node:internal/process/task_queues:105:5)[39m
    at [90m/Users/sam/sites/GrokCLI/packages/cli/[39msrc/config/config.test.ts:75:20 {
  errno: [33m-2[39m,
  code: [32m&apos;ENOENT&apos;[39m,
  syscall: [32m&apos;mkdir&apos;[39m,
  path: [32m&apos;/mock/home/user/.gemini&apos;[39m
}

            </system-err>
        </testcase>
        <testcase classname="src/config/config.test.ts" name="loadCliConfig &gt; should set showMemoryUsage to false by default from settings if CLI flag is not present" time="0.002063167">
            <system-err>
Error accessing installation ID file, generating ephemeral ID: Error: ENOENT: no such file or directory, mkdir &apos;/mock/home/user/.gemini&apos;
[90m    at Proxy.mkdirSync (node:fs:1363:26)[39m
    at ensureGeminiDirExists (/Users/sam/sites/GrokCLI/packages/core/src/utils/user_id.ts:19:8)
    at getInstallationId (/Users/sam/sites/GrokCLI/packages/core/src/utils/user_id.ts:42:5)
    at ClearcutLogger.createLogEvent (/Users/sam/sites/GrokCLI/packages/core/src/telemetry/clearcut-logger/clearcut-logger.ts:91:53)
    at ClearcutLogger.logStartSessionEvent (/Users/sam/sites/GrokCLI/packages/core/src/telemetry/clearcut-logger/clearcut-logger.ts:266:31)
    at new Config (/Users/sam/sites/GrokCLI/packages/core/src/config/config.ts:247:41)
    at new GrokConfig (/Users/sam/sites/GrokCLI/packages/core/src/config/grokConfig.ts:16:5)
    at Module.loadCliConfig [90m(/Users/sam/sites/GrokCLI/packages/cli/[39msrc/config/config.ts:264:10[90m)[39m
[90m    at processTicksAndRejections (node:internal/process/task_queues:105:5)[39m
    at [90m/Users/sam/sites/GrokCLI/packages/cli/[39msrc/config/config.test.ts:82:20 {
  errno: [33m-2[39m,
  code: [32m&apos;ENOENT&apos;[39m,
  syscall: [32m&apos;mkdir&apos;[39m,
  path: [32m&apos;/mock/home/user/.gemini&apos;[39m
}

            </system-err>
        </testcase>
        <testcase classname="src/config/config.test.ts" name="loadCliConfig &gt; should prioritize CLI flag over settings for showMemoryUsage (CLI true, settings false)" time="0.001853458">
            <system-err>
Error accessing installation ID file, generating ephemeral ID: Error: ENOENT: no such file or directory, mkdir &apos;/mock/home/user/.gemini&apos;
[90m    at Proxy.mkdirSync (node:fs:1363:26)[39m
    at ensureGeminiDirExists (/Users/sam/sites/GrokCLI/packages/core/src/utils/user_id.ts:19:8)
    at getInstallationId (/Users/sam/sites/GrokCLI/packages/core/src/utils/user_id.ts:42:5)
    at ClearcutLogger.createLogEvent (/Users/sam/sites/GrokCLI/packages/core/src/telemetry/clearcut-logger/clearcut-logger.ts:91:53)
    at ClearcutLogger.logStartSessionEvent (/Users/sam/sites/GrokCLI/packages/core/src/telemetry/clearcut-logger/clearcut-logger.ts:266:31)
    at new Config (/Users/sam/sites/GrokCLI/packages/core/src/config/config.ts:247:41)
    at new GrokConfig (/Users/sam/sites/GrokCLI/packages/core/src/config/grokConfig.ts:16:5)
    at Module.loadCliConfig [90m(/Users/sam/sites/GrokCLI/packages/cli/[39msrc/config/config.ts:264:10[90m)[39m
[90m    at processTicksAndRejections (node:internal/process/task_queues:105:5)[39m
    at [90m/Users/sam/sites/GrokCLI/packages/cli/[39msrc/config/config.test.ts:89:20 {
  errno: [33m-2[39m,
  code: [32m&apos;ENOENT&apos;[39m,
  syscall: [32m&apos;mkdir&apos;[39m,
  path: [32m&apos;/mock/home/user/.gemini&apos;[39m
}

            </system-err>
        </testcase>
        <testcase classname="src/config/config.test.ts" name="loadCliConfig telemetry &gt; should set telemetry to false by default when no flag or setting is present" time="0.001790208">
            <system-err>
Error accessing installation ID file, generating ephemeral ID: Error: ENOENT: no such file or directory, mkdir &apos;/mock/home/user/.gemini&apos;
[90m    at Proxy.mkdirSync (node:fs:1363:26)[39m
    at ensureGeminiDirExists (/Users/sam/sites/GrokCLI/packages/core/src/utils/user_id.ts:19:8)
    at getInstallationId (/Users/sam/sites/GrokCLI/packages/core/src/utils/user_id.ts:42:5)
    at ClearcutLogger.createLogEvent (/Users/sam/sites/GrokCLI/packages/core/src/telemetry/clearcut-logger/clearcut-logger.ts:91:53)
    at ClearcutLogger.logStartSessionEvent (/Users/sam/sites/GrokCLI/packages/core/src/telemetry/clearcut-logger/clearcut-logger.ts:266:31)
    at new Config (/Users/sam/sites/GrokCLI/packages/core/src/config/config.ts:247:41)
    at new GrokConfig (/Users/sam/sites/GrokCLI/packages/core/src/config/grokConfig.ts:16:5)
    at Module.loadCliConfig [90m(/Users/sam/sites/GrokCLI/packages/cli/[39msrc/config/config.ts:264:10[90m)[39m
[90m    at processTicksAndRejections (node:internal/process/task_queues:105:5)[39m
    at [90m/Users/sam/sites/GrokCLI/packages/cli/[39msrc/config/config.test.ts:113:20 {
  errno: [33m-2[39m,
  code: [32m&apos;ENOENT&apos;[39m,
  syscall: [32m&apos;mkdir&apos;[39m,
  path: [32m&apos;/mock/home/user/.gemini&apos;[39m
}

            </system-err>
        </testcase>
        <testcase classname="src/config/config.test.ts" name="loadCliConfig telemetry &gt; should set telemetry to true when --telemetry flag is present" time="0.00836525">
            <system-out>
OpenTelemetry SDK started successfully.

            </system-out>
            <system-err>
Error accessing installation ID file, generating ephemeral ID: Error: ENOENT: no such file or directory, mkdir &apos;/mock/home/user/.gemini&apos;
[90m    at Proxy.mkdirSync (node:fs:1363:26)[39m
    at ensureGeminiDirExists (/Users/sam/sites/GrokCLI/packages/core/src/utils/user_id.ts:19:8)
    at getInstallationId (/Users/sam/sites/GrokCLI/packages/core/src/utils/user_id.ts:42:5)
    at ClearcutLogger.createLogEvent (/Users/sam/sites/GrokCLI/packages/core/src/telemetry/clearcut-logger/clearcut-logger.ts:91:53)
    at ClearcutLogger.logStartSessionEvent (/Users/sam/sites/GrokCLI/packages/core/src/telemetry/clearcut-logger/clearcut-logger.ts:266:31)
    at new Config (/Users/sam/sites/GrokCLI/packages/core/src/config/config.ts:247:41)
    at new GrokConfig (/Users/sam/sites/GrokCLI/packages/core/src/config/grokConfig.ts:16:5)
    at Module.loadCliConfig [90m(/Users/sam/sites/GrokCLI/packages/cli/[39msrc/config/config.ts:264:10[90m)[39m
[90m    at processTicksAndRejections (node:internal/process/task_queues:105:5)[39m
    at [90m/Users/sam/sites/GrokCLI/packages/cli/[39msrc/config/config.test.ts:120:20 {
  errno: [33m-2[39m,
  code: [32m&apos;ENOENT&apos;[39m,
  syscall: [32m&apos;mkdir&apos;[39m,
  path: [32m&apos;/mock/home/user/.gemini&apos;[39m
}
Accessing resource attributes before async attributes settled

            </system-err>
        </testcase>
        <testcase classname="src/config/config.test.ts" name="loadCliConfig telemetry &gt; should set telemetry to false when --no-telemetry flag is present" time="0.002125333">
            <system-err>
Error accessing installation ID file, generating ephemeral ID: Error: ENOENT: no such file or directory, mkdir &apos;/mock/home/user/.gemini&apos;
[90m    at Proxy.mkdirSync (node:fs:1363:26)[39m
    at ensureGeminiDirExists (/Users/sam/sites/GrokCLI/packages/core/src/utils/user_id.ts:19:8)
    at getInstallationId (/Users/sam/sites/GrokCLI/packages/core/src/utils/user_id.ts:42:5)
    at ClearcutLogger.createLogEvent (/Users/sam/sites/GrokCLI/packages/core/src/telemetry/clearcut-logger/clearcut-logger.ts:91:53)
    at ClearcutLogger.logStartSessionEvent (/Users/sam/sites/GrokCLI/packages/core/src/telemetry/clearcut-logger/clearcut-logger.ts:266:31)
    at new Config (/Users/sam/sites/GrokCLI/packages/core/src/config/config.ts:247:41)
    at new GrokConfig (/Users/sam/sites/GrokCLI/packages/core/src/config/grokConfig.ts:16:5)
    at Module.loadCliConfig [90m(/Users/sam/sites/GrokCLI/packages/cli/[39msrc/config/config.ts:264:10[90m)[39m
[90m    at processTicksAndRejections (node:internal/process/task_queues:105:5)[39m
    at [90m/Users/sam/sites/GrokCLI/packages/cli/[39msrc/config/config.test.ts:127:20 {
  errno: [33m-2[39m,
  code: [32m&apos;ENOENT&apos;[39m,
  syscall: [32m&apos;mkdir&apos;[39m,
  path: [32m&apos;/mock/home/user/.gemini&apos;[39m
}

            </system-err>
        </testcase>
        <testcase classname="src/config/config.test.ts" name="loadCliConfig telemetry &gt; should use telemetry value from settings if CLI flag is not present (settings true)" time="0.004839917">
            <system-err>
Error accessing installation ID file, generating ephemeral ID: Error: ENOENT: no such file or directory, mkdir &apos;/mock/home/user/.gemini&apos;
[90m    at Proxy.mkdirSync (node:fs:1363:26)[39m
    at ensureGeminiDirExists (/Users/sam/sites/GrokCLI/packages/core/src/utils/user_id.ts:19:8)
    at getInstallationId (/Users/sam/sites/GrokCLI/packages/core/src/utils/user_id.ts:42:5)
    at ClearcutLogger.createLogEvent (/Users/sam/sites/GrokCLI/packages/core/src/telemetry/clearcut-logger/clearcut-logger.ts:91:53)
    at ClearcutLogger.logStartSessionEvent (/Users/sam/sites/GrokCLI/packages/core/src/telemetry/clearcut-logger/clearcut-logger.ts:266:31)
    at new Config (/Users/sam/sites/GrokCLI/packages/core/src/config/config.ts:247:41)
    at new GrokConfig (/Users/sam/sites/GrokCLI/packages/core/src/config/grokConfig.ts:16:5)
    at Module.loadCliConfig [90m(/Users/sam/sites/GrokCLI/packages/cli/[39msrc/config/config.ts:264:10[90m)[39m
[90m    at processTicksAndRejections (node:internal/process/task_queues:105:5)[39m
    at [90m/Users/sam/sites/GrokCLI/packages/cli/[39msrc/config/config.test.ts:134:20 {
  errno: [33m-2[39m,
  code: [32m&apos;ENOENT&apos;[39m,
  syscall: [32m&apos;mkdir&apos;[39m,
  path: [32m&apos;/mock/home/user/.gemini&apos;[39m
}

            </system-err>
        </testcase>
        <testcase classname="src/config/config.test.ts" name="loadCliConfig telemetry &gt; should use telemetry value from settings if CLI flag is not present (settings false)" time="0.002613417">
            <system-err>
Error accessing installation ID file, generating ephemeral ID: Error: ENOENT: no such file or directory, mkdir &apos;/mock/home/user/.gemini&apos;
[90m    at Proxy.mkdirSync (node:fs:1363:26)[39m
    at ensureGeminiDirExists (/Users/sam/sites/GrokCLI/packages/core/src/utils/user_id.ts:19:8)
    at getInstallationId (/Users/sam/sites/GrokCLI/packages/core/src/utils/user_id.ts:42:5)
    at ClearcutLogger.createLogEvent (/Users/sam/sites/GrokCLI/packages/core/src/telemetry/clearcut-logger/clearcut-logger.ts:91:53)
    at ClearcutLogger.logStartSessionEvent (/Users/sam/sites/GrokCLI/packages/core/src/telemetry/clearcut-logger/clearcut-logger.ts:266:31)
    at new Config (/Users/sam/sites/GrokCLI/packages/core/src/config/config.ts:247:41)
    at new GrokConfig (/Users/sam/sites/GrokCLI/packages/core/src/config/grokConfig.ts:16:5)
    at Module.loadCliConfig [90m(/Users/sam/sites/GrokCLI/packages/cli/[39msrc/config/config.ts:264:10[90m)[39m
[90m    at processTicksAndRejections (node:internal/process/task_queues:105:5)[39m
    at [90m/Users/sam/sites/GrokCLI/packages/cli/[39msrc/config/config.test.ts:141:20 {
  errno: [33m-2[39m,
  code: [32m&apos;ENOENT&apos;[39m,
  syscall: [32m&apos;mkdir&apos;[39m,
  path: [32m&apos;/mock/home/user/.gemini&apos;[39m
}

            </system-err>
        </testcase>
        <testcase classname="src/config/config.test.ts" name="loadCliConfig telemetry &gt; should prioritize --telemetry CLI flag (true) over settings (false)" time="0.002004583">
            <system-err>
Error accessing installation ID file, generating ephemeral ID: Error: ENOENT: no such file or directory, mkdir &apos;/mock/home/user/.gemini&apos;
[90m    at Proxy.mkdirSync (node:fs:1363:26)[39m
    at ensureGeminiDirExists (/Users/sam/sites/GrokCLI/packages/core/src/utils/user_id.ts:19:8)
    at getInstallationId (/Users/sam/sites/GrokCLI/packages/core/src/utils/user_id.ts:42:5)
    at ClearcutLogger.createLogEvent (/Users/sam/sites/GrokCLI/packages/core/src/telemetry/clearcut-logger/clearcut-logger.ts:91:53)
    at ClearcutLogger.logStartSessionEvent (/Users/sam/sites/GrokCLI/packages/core/src/telemetry/clearcut-logger/clearcut-logger.ts:266:31)
    at new Config (/Users/sam/sites/GrokCLI/packages/core/src/config/config.ts:247:41)
    at new GrokConfig (/Users/sam/sites/GrokCLI/packages/core/src/config/grokConfig.ts:16:5)
    at Module.loadCliConfig [90m(/Users/sam/sites/GrokCLI/packages/cli/[39msrc/config/config.ts:264:10[90m)[39m
[90m    at processTicksAndRejections (node:internal/process/task_queues:105:5)[39m
    at [90m/Users/sam/sites/GrokCLI/packages/cli/[39msrc/config/config.test.ts:148:20 {
  errno: [33m-2[39m,
  code: [32m&apos;ENOENT&apos;[39m,
  syscall: [32m&apos;mkdir&apos;[39m,
  path: [32m&apos;/mock/home/user/.gemini&apos;[39m
}

            </system-err>
        </testcase>
        <testcase classname="src/config/config.test.ts" name="loadCliConfig telemetry &gt; should prioritize --no-telemetry CLI flag (false) over settings (true)" time="0.00172475">
            <system-err>
Error accessing installation ID file, generating ephemeral ID: Error: ENOENT: no such file or directory, mkdir &apos;/mock/home/user/.gemini&apos;
[90m    at Proxy.mkdirSync (node:fs:1363:26)[39m
    at ensureGeminiDirExists (/Users/sam/sites/GrokCLI/packages/core/src/utils/user_id.ts:19:8)
    at getInstallationId (/Users/sam/sites/GrokCLI/packages/core/src/utils/user_id.ts:42:5)
    at ClearcutLogger.createLogEvent (/Users/sam/sites/GrokCLI/packages/core/src/telemetry/clearcut-logger/clearcut-logger.ts:91:53)
    at ClearcutLogger.logStartSessionEvent (/Users/sam/sites/GrokCLI/packages/core/src/telemetry/clearcut-logger/clearcut-logger.ts:266:31)
    at new Config (/Users/sam/sites/GrokCLI/packages/core/src/config/config.ts:247:41)
    at new GrokConfig (/Users/sam/sites/GrokCLI/packages/core/src/config/grokConfig.ts:16:5)
    at Module.loadCliConfig [90m(/Users/sam/sites/GrokCLI/packages/cli/[39msrc/config/config.ts:264:10[90m)[39m
[90m    at processTicksAndRejections (node:internal/process/task_queues:105:5)[39m
    at [90m/Users/sam/sites/GrokCLI/packages/cli/[39msrc/config/config.test.ts:155:20 {
  errno: [33m-2[39m,
  code: [32m&apos;ENOENT&apos;[39m,
  syscall: [32m&apos;mkdir&apos;[39m,
  path: [32m&apos;/mock/home/user/.gemini&apos;[39m
}

            </system-err>
        </testcase>
        <testcase classname="src/config/config.test.ts" name="loadCliConfig telemetry &gt; should use telemetry OTLP endpoint from settings if CLI flag is not present" time="0.001568834">
            <system-err>
Error accessing installation ID file, generating ephemeral ID: Error: ENOENT: no such file or directory, mkdir &apos;/mock/home/user/.gemini&apos;
[90m    at Proxy.mkdirSync (node:fs:1363:26)[39m
    at ensureGeminiDirExists (/Users/sam/sites/GrokCLI/packages/core/src/utils/user_id.ts:19:8)
    at getInstallationId (/Users/sam/sites/GrokCLI/packages/core/src/utils/user_id.ts:42:5)
    at ClearcutLogger.createLogEvent (/Users/sam/sites/GrokCLI/packages/core/src/telemetry/clearcut-logger/clearcut-logger.ts:91:53)
    at ClearcutLogger.logStartSessionEvent (/Users/sam/sites/GrokCLI/packages/core/src/telemetry/clearcut-logger/clearcut-logger.ts:266:31)
    at new Config (/Users/sam/sites/GrokCLI/packages/core/src/config/config.ts:247:41)
    at new GrokConfig (/Users/sam/sites/GrokCLI/packages/core/src/config/grokConfig.ts:16:5)
    at Module.loadCliConfig [90m(/Users/sam/sites/GrokCLI/packages/cli/[39msrc/config/config.ts:264:10[90m)[39m
[90m    at processTicksAndRejections (node:internal/process/task_queues:105:5)[39m
    at [90m/Users/sam/sites/GrokCLI/packages/cli/[39msrc/config/config.test.ts:164:20 {
  errno: [33m-2[39m,
  code: [32m&apos;ENOENT&apos;[39m,
  syscall: [32m&apos;mkdir&apos;[39m,
  path: [32m&apos;/mock/home/user/.gemini&apos;[39m
}

            </system-err>
        </testcase>
        <testcase classname="src/config/config.test.ts" name="loadCliConfig telemetry &gt; should prioritize --telemetry-otlp-endpoint CLI flag over settings" time="0.001770542">
            <system-err>
Error accessing installation ID file, generating ephemeral ID: Error: ENOENT: no such file or directory, mkdir &apos;/mock/home/user/.gemini&apos;
[90m    at Proxy.mkdirSync (node:fs:1363:26)[39m
    at ensureGeminiDirExists (/Users/sam/sites/GrokCLI/packages/core/src/utils/user_id.ts:19:8)
    at getInstallationId (/Users/sam/sites/GrokCLI/packages/core/src/utils/user_id.ts:42:5)
    at ClearcutLogger.createLogEvent (/Users/sam/sites/GrokCLI/packages/core/src/telemetry/clearcut-logger/clearcut-logger.ts:91:53)
    at ClearcutLogger.logStartSessionEvent (/Users/sam/sites/GrokCLI/packages/core/src/telemetry/clearcut-logger/clearcut-logger.ts:266:31)
    at new Config (/Users/sam/sites/GrokCLI/packages/core/src/config/config.ts:247:41)
    at new GrokConfig (/Users/sam/sites/GrokCLI/packages/core/src/config/grokConfig.ts:16:5)
    at Module.loadCliConfig [90m(/Users/sam/sites/GrokCLI/packages/cli/[39msrc/config/config.ts:264:10[90m)[39m
[90m    at processTicksAndRejections (node:internal/process/task_queues:105:5)[39m
    at [90m/Users/sam/sites/GrokCLI/packages/cli/[39msrc/config/config.test.ts:180:20 {
  errno: [33m-2[39m,
  code: [32m&apos;ENOENT&apos;[39m,
  syscall: [32m&apos;mkdir&apos;[39m,
  path: [32m&apos;/mock/home/user/.gemini&apos;[39m
}

            </system-err>
        </testcase>
        <testcase classname="src/config/config.test.ts" name="loadCliConfig telemetry &gt; should use default endpoint if no OTLP endpoint is provided via CLI or settings" time="0.001580333">
            <system-err>
Error accessing installation ID file, generating ephemeral ID: Error: ENOENT: no such file or directory, mkdir &apos;/mock/home/user/.gemini&apos;
[90m    at Proxy.mkdirSync (node:fs:1363:26)[39m
    at ensureGeminiDirExists (/Users/sam/sites/GrokCLI/packages/core/src/utils/user_id.ts:19:8)
    at getInstallationId (/Users/sam/sites/GrokCLI/packages/core/src/utils/user_id.ts:42:5)
    at ClearcutLogger.createLogEvent (/Users/sam/sites/GrokCLI/packages/core/src/telemetry/clearcut-logger/clearcut-logger.ts:91:53)
    at ClearcutLogger.logStartSessionEvent (/Users/sam/sites/GrokCLI/packages/core/src/telemetry/clearcut-logger/clearcut-logger.ts:266:31)
    at new Config (/Users/sam/sites/GrokCLI/packages/core/src/config/config.ts:247:41)
    at new GrokConfig (/Users/sam/sites/GrokCLI/packages/core/src/config/grokConfig.ts:16:5)
    at Module.loadCliConfig [90m(/Users/sam/sites/GrokCLI/packages/cli/[39msrc/config/config.ts:264:10[90m)[39m
[90m    at processTicksAndRejections (node:internal/process/task_queues:105:5)[39m
    at [90m/Users/sam/sites/GrokCLI/packages/cli/[39msrc/config/config.test.ts:187:20 {
  errno: [33m-2[39m,
  code: [32m&apos;ENOENT&apos;[39m,
  syscall: [32m&apos;mkdir&apos;[39m,
  path: [32m&apos;/mock/home/user/.gemini&apos;[39m
}

            </system-err>
        </testcase>
        <testcase classname="src/config/config.test.ts" name="loadCliConfig telemetry &gt; should use telemetry target from settings if CLI flag is not present" time="0.001561">
            <system-err>
Error accessing installation ID file, generating ephemeral ID: Error: ENOENT: no such file or directory, mkdir &apos;/mock/home/user/.gemini&apos;
[90m    at Proxy.mkdirSync (node:fs:1363:26)[39m
    at ensureGeminiDirExists (/Users/sam/sites/GrokCLI/packages/core/src/utils/user_id.ts:19:8)
    at getInstallationId (/Users/sam/sites/GrokCLI/packages/core/src/utils/user_id.ts:42:5)
    at ClearcutLogger.createLogEvent (/Users/sam/sites/GrokCLI/packages/core/src/telemetry/clearcut-logger/clearcut-logger.ts:91:53)
    at ClearcutLogger.logStartSessionEvent (/Users/sam/sites/GrokCLI/packages/core/src/telemetry/clearcut-logger/clearcut-logger.ts:266:31)
    at new Config (/Users/sam/sites/GrokCLI/packages/core/src/config/config.ts:247:41)
    at new GrokConfig (/Users/sam/sites/GrokCLI/packages/core/src/config/grokConfig.ts:16:5)
    at Module.loadCliConfig [90m(/Users/sam/sites/GrokCLI/packages/cli/[39msrc/config/config.ts:264:10[90m)[39m
[90m    at processTicksAndRejections (node:internal/process/task_queues:105:5)[39m
    at [90m/Users/sam/sites/GrokCLI/packages/cli/[39msrc/config/config.test.ts:196:20 {
  errno: [33m-2[39m,
  code: [32m&apos;ENOENT&apos;[39m,
  syscall: [32m&apos;mkdir&apos;[39m,
  path: [32m&apos;/mock/home/user/.gemini&apos;[39m
}

            </system-err>
        </testcase>
        <testcase classname="src/config/config.test.ts" name="loadCliConfig telemetry &gt; should prioritize --telemetry-target CLI flag over settings" time="0.001649167">
            <system-err>
Error accessing installation ID file, generating ephemeral ID: Error: ENOENT: no such file or directory, mkdir &apos;/mock/home/user/.gemini&apos;
[90m    at Proxy.mkdirSync (node:fs:1363:26)[39m
    at ensureGeminiDirExists (/Users/sam/sites/GrokCLI/packages/core/src/utils/user_id.ts:19:8)
    at getInstallationId (/Users/sam/sites/GrokCLI/packages/core/src/utils/user_id.ts:42:5)
    at ClearcutLogger.createLogEvent (/Users/sam/sites/GrokCLI/packages/core/src/telemetry/clearcut-logger/clearcut-logger.ts:91:53)
    at ClearcutLogger.logStartSessionEvent (/Users/sam/sites/GrokCLI/packages/core/src/telemetry/clearcut-logger/clearcut-logger.ts:266:31)
    at new Config (/Users/sam/sites/GrokCLI/packages/core/src/config/config.ts:247:41)
    at new GrokConfig (/Users/sam/sites/GrokCLI/packages/core/src/config/grokConfig.ts:16:5)
    at Module.loadCliConfig [90m(/Users/sam/sites/GrokCLI/packages/cli/[39msrc/config/config.ts:264:10[90m)[39m
[90m    at processTicksAndRejections (node:internal/process/task_queues:105:5)[39m
    at [90m/Users/sam/sites/GrokCLI/packages/cli/[39msrc/config/config.test.ts:207:20 {
  errno: [33m-2[39m,
  code: [32m&apos;ENOENT&apos;[39m,
  syscall: [32m&apos;mkdir&apos;[39m,
  path: [32m&apos;/mock/home/user/.gemini&apos;[39m
}

            </system-err>
        </testcase>
        <testcase classname="src/config/config.test.ts" name="loadCliConfig telemetry &gt; should use default target if no target is provided via CLI or settings" time="0.001433542">
            <system-err>
Error accessing installation ID file, generating ephemeral ID: Error: ENOENT: no such file or directory, mkdir &apos;/mock/home/user/.gemini&apos;
[90m    at Proxy.mkdirSync (node:fs:1363:26)[39m
    at ensureGeminiDirExists (/Users/sam/sites/GrokCLI/packages/core/src/utils/user_id.ts:19:8)
    at getInstallationId (/Users/sam/sites/GrokCLI/packages/core/src/utils/user_id.ts:42:5)
    at ClearcutLogger.createLogEvent (/Users/sam/sites/GrokCLI/packages/core/src/telemetry/clearcut-logger/clearcut-logger.ts:91:53)
    at ClearcutLogger.logStartSessionEvent (/Users/sam/sites/GrokCLI/packages/core/src/telemetry/clearcut-logger/clearcut-logger.ts:266:31)
    at new Config (/Users/sam/sites/GrokCLI/packages/core/src/config/config.ts:247:41)
    at new GrokConfig (/Users/sam/sites/GrokCLI/packages/core/src/config/grokConfig.ts:16:5)
    at Module.loadCliConfig [90m(/Users/sam/sites/GrokCLI/packages/cli/[39msrc/config/config.ts:264:10[90m)[39m
[90m    at processTicksAndRejections (node:internal/process/task_queues:105:5)[39m
    at [90m/Users/sam/sites/GrokCLI/packages/cli/[39msrc/config/config.test.ts:214:20 {
  errno: [33m-2[39m,
  code: [32m&apos;ENOENT&apos;[39m,
  syscall: [32m&apos;mkdir&apos;[39m,
  path: [32m&apos;/mock/home/user/.gemini&apos;[39m
}

            </system-err>
        </testcase>
        <testcase classname="src/config/config.test.ts" name="loadCliConfig telemetry &gt; should use telemetry log prompts from settings if CLI flag is not present" time="0.001406708">
            <system-err>
Error accessing installation ID file, generating ephemeral ID: Error: ENOENT: no such file or directory, mkdir &apos;/mock/home/user/.gemini&apos;
[90m    at Proxy.mkdirSync (node:fs:1363:26)[39m
    at ensureGeminiDirExists (/Users/sam/sites/GrokCLI/packages/core/src/utils/user_id.ts:19:8)
    at getInstallationId (/Users/sam/sites/GrokCLI/packages/core/src/utils/user_id.ts:42:5)
    at ClearcutLogger.createLogEvent (/Users/sam/sites/GrokCLI/packages/core/src/telemetry/clearcut-logger/clearcut-logger.ts:91:53)
    at ClearcutLogger.logStartSessionEvent (/Users/sam/sites/GrokCLI/packages/core/src/telemetry/clearcut-logger/clearcut-logger.ts:266:31)
    at new Config (/Users/sam/sites/GrokCLI/packages/core/src/config/config.ts:247:41)
    at new GrokConfig (/Users/sam/sites/GrokCLI/packages/core/src/config/grokConfig.ts:16:5)
    at Module.loadCliConfig [90m(/Users/sam/sites/GrokCLI/packages/cli/[39msrc/config/config.ts:264:10[90m)[39m
[90m    at processTicksAndRejections (node:internal/process/task_queues:105:5)[39m
    at [90m/Users/sam/sites/GrokCLI/packages/cli/[39msrc/config/config.test.ts:223:20 {
  errno: [33m-2[39m,
  code: [32m&apos;ENOENT&apos;[39m,
  syscall: [32m&apos;mkdir&apos;[39m,
  path: [32m&apos;/mock/home/user/.gemini&apos;[39m
}

            </system-err>
        </testcase>
        <testcase classname="src/config/config.test.ts" name="loadCliConfig telemetry &gt; should prioritize --telemetry-log-prompts CLI flag (true) over settings (false)" time="0.001489083">
            <system-err>
Error accessing installation ID file, generating ephemeral ID: Error: ENOENT: no such file or directory, mkdir &apos;/mock/home/user/.gemini&apos;
[90m    at Proxy.mkdirSync (node:fs:1363:26)[39m
    at ensureGeminiDirExists (/Users/sam/sites/GrokCLI/packages/core/src/utils/user_id.ts:19:8)
    at getInstallationId (/Users/sam/sites/GrokCLI/packages/core/src/utils/user_id.ts:42:5)
    at ClearcutLogger.createLogEvent (/Users/sam/sites/GrokCLI/packages/core/src/telemetry/clearcut-logger/clearcut-logger.ts:91:53)
    at ClearcutLogger.logStartSessionEvent (/Users/sam/sites/GrokCLI/packages/core/src/telemetry/clearcut-logger/clearcut-logger.ts:266:31)
    at new Config (/Users/sam/sites/GrokCLI/packages/core/src/config/config.ts:247:41)
    at new GrokConfig (/Users/sam/sites/GrokCLI/packages/core/src/config/grokConfig.ts:16:5)
    at Module.loadCliConfig [90m(/Users/sam/sites/GrokCLI/packages/cli/[39msrc/config/config.ts:264:10[90m)[39m
[90m    at processTicksAndRejections (node:internal/process/task_queues:105:5)[39m
    at [90m/Users/sam/sites/GrokCLI/packages/cli/[39msrc/config/config.test.ts:230:20 {
  errno: [33m-2[39m,
  code: [32m&apos;ENOENT&apos;[39m,
  syscall: [32m&apos;mkdir&apos;[39m,
  path: [32m&apos;/mock/home/user/.gemini&apos;[39m
}

            </system-err>
        </testcase>
        <testcase classname="src/config/config.test.ts" name="loadCliConfig telemetry &gt; should prioritize --no-telemetry-log-prompts CLI flag (false) over settings (true)" time="0.001497791">
            <system-err>
Error accessing installation ID file, generating ephemeral ID: Error: ENOENT: no such file or directory, mkdir &apos;/mock/home/user/.gemini&apos;
[90m    at Proxy.mkdirSync (node:fs:1363:26)[39m
    at ensureGeminiDirExists (/Users/sam/sites/GrokCLI/packages/core/src/utils/user_id.ts:19:8)
    at getInstallationId (/Users/sam/sites/GrokCLI/packages/core/src/utils/user_id.ts:42:5)
    at ClearcutLogger.createLogEvent (/Users/sam/sites/GrokCLI/packages/core/src/telemetry/clearcut-logger/clearcut-logger.ts:91:53)
    at ClearcutLogger.logStartSessionEvent (/Users/sam/sites/GrokCLI/packages/core/src/telemetry/clearcut-logger/clearcut-logger.ts:266:31)
    at new Config (/Users/sam/sites/GrokCLI/packages/core/src/config/config.ts:247:41)
    at new GrokConfig (/Users/sam/sites/GrokCLI/packages/core/src/config/grokConfig.ts:16:5)
    at Module.loadCliConfig [90m(/Users/sam/sites/GrokCLI/packages/cli/[39msrc/config/config.ts:264:10[90m)[39m
[90m    at processTicksAndRejections (node:internal/process/task_queues:105:5)[39m
    at [90m/Users/sam/sites/GrokCLI/packages/cli/[39msrc/config/config.test.ts:237:20 {
  errno: [33m-2[39m,
  code: [32m&apos;ENOENT&apos;[39m,
  syscall: [32m&apos;mkdir&apos;[39m,
  path: [32m&apos;/mock/home/user/.gemini&apos;[39m
}

            </system-err>
        </testcase>
        <testcase classname="src/config/config.test.ts" name="loadCliConfig telemetry &gt; should use default log prompts (true) if no value is provided via CLI or settings" time="0.007175">
            <system-err>
Error accessing installation ID file, generating ephemeral ID: Error: ENOENT: no such file or directory, mkdir &apos;/mock/home/user/.gemini&apos;
[90m    at Proxy.mkdirSync (node:fs:1363:26)[39m
    at ensureGeminiDirExists (/Users/sam/sites/GrokCLI/packages/core/src/utils/user_id.ts:19:8)
    at getInstallationId (/Users/sam/sites/GrokCLI/packages/core/src/utils/user_id.ts:42:5)
    at ClearcutLogger.createLogEvent (/Users/sam/sites/GrokCLI/packages/core/src/telemetry/clearcut-logger/clearcut-logger.ts:91:53)
    at ClearcutLogger.logStartSessionEvent (/Users/sam/sites/GrokCLI/packages/core/src/telemetry/clearcut-logger/clearcut-logger.ts:266:31)
    at new Config (/Users/sam/sites/GrokCLI/packages/core/src/config/config.ts:247:41)
    at new GrokConfig (/Users/sam/sites/GrokCLI/packages/core/src/config/grokConfig.ts:16:5)
    at Module.loadCliConfig [90m(/Users/sam/sites/GrokCLI/packages/cli/[39msrc/config/config.ts:264:10[90m)[39m
[90m    at processTicksAndRejections (node:internal/process/task_queues:105:5)[39m
    at [90m/Users/sam/sites/GrokCLI/packages/cli/[39msrc/config/config.test.ts:244:20 {
  errno: [33m-2[39m,
  code: [32m&apos;ENOENT&apos;[39m,
  syscall: [32m&apos;mkdir&apos;[39m,
  path: [32m&apos;/mock/home/user/.gemini&apos;[39m
}

            </system-err>
        </testcase>
        <testcase classname="src/config/config.test.ts" name="Hierarchical Memory Loading (config.ts) - Placeholder Suite &gt; should pass extension context file paths to loadServerHierarchicalMemory" time="0.004738084">
            <system-err>
Error accessing installation ID file, generating ephemeral ID: Error: ENOENT: no such file or directory, mkdir &apos;/mock/home/user/.gemini&apos;
[90m    at Proxy.mkdirSync (node:fs:1363:26)[39m
    at ensureGeminiDirExists (/Users/sam/sites/GrokCLI/packages/core/src/utils/user_id.ts:19:8)
    at getInstallationId (/Users/sam/sites/GrokCLI/packages/core/src/utils/user_id.ts:42:5)
    at ClearcutLogger.createLogEvent (/Users/sam/sites/GrokCLI/packages/core/src/telemetry/clearcut-logger/clearcut-logger.ts:91:53)
    at ClearcutLogger.logStartSessionEvent (/Users/sam/sites/GrokCLI/packages/core/src/telemetry/clearcut-logger/clearcut-logger.ts:266:31)
    at new Config (/Users/sam/sites/GrokCLI/packages/core/src/config/config.ts:247:41)
    at new GrokConfig (/Users/sam/sites/GrokCLI/packages/core/src/config/grokConfig.ts:16:5)
    at Module.loadCliConfig [90m(/Users/sam/sites/GrokCLI/packages/cli/[39msrc/config/config.ts:264:10[90m)[39m
[90m    at processTicksAndRejections (node:internal/process/task_queues:105:5)[39m
    at [90m/Users/sam/sites/GrokCLI/packages/cli/[39msrc/config/config.test.ts:289:5 {
  errno: [33m-2[39m,
  code: [32m&apos;ENOENT&apos;[39m,
  syscall: [32m&apos;mkdir&apos;[39m,
  path: [32m&apos;/mock/home/user/.gemini&apos;[39m
}

            </system-err>
        </testcase>
        <testcase classname="src/config/config.test.ts" name="mergeMcpServers &gt; should not modify the original settings object" time="0.004220541">
            <system-err>
Error accessing installation ID file, generating ephemeral ID: Error: ENOENT: no such file or directory, mkdir &apos;/mock/home/user/.gemini&apos;
[90m    at Proxy.mkdirSync (node:fs:1363:26)[39m
    at ensureGeminiDirExists (/Users/sam/sites/GrokCLI/packages/core/src/utils/user_id.ts:19:8)
    at getInstallationId (/Users/sam/sites/GrokCLI/packages/core/src/utils/user_id.ts:42:5)
    at ClearcutLogger.createLogEvent (/Users/sam/sites/GrokCLI/packages/core/src/telemetry/clearcut-logger/clearcut-logger.ts:91:53)
    at ClearcutLogger.logStartSessionEvent (/Users/sam/sites/GrokCLI/packages/core/src/telemetry/clearcut-logger/clearcut-logger.ts:266:31)
    at new Config (/Users/sam/sites/GrokCLI/packages/core/src/config/config.ts:247:41)
    at new GrokConfig (/Users/sam/sites/GrokCLI/packages/core/src/config/grokConfig.ts:16:5)
    at Module.loadCliConfig [90m(/Users/sam/sites/GrokCLI/packages/cli/[39msrc/config/config.ts:264:10[90m)[39m
[90m    at processTicksAndRejections (node:internal/process/task_queues:105:5)[39m
    at [90m/Users/sam/sites/GrokCLI/packages/cli/[39msrc/config/config.test.ts:349:5 {
  errno: [33m-2[39m,
  code: [32m&apos;ENOENT&apos;[39m,
  syscall: [32m&apos;mkdir&apos;[39m,
  path: [32m&apos;/mock/home/user/.gemini&apos;[39m
}

            </system-err>
        </testcase>
        <testcase classname="src/config/config.test.ts" name="mergeExcludeTools &gt; should merge excludeTools from settings and extensions" time="0.002292542">
            <system-err>
Error accessing installation ID file, generating ephemeral ID: Error: ENOENT: no such file or directory, mkdir &apos;/mock/home/user/.gemini&apos;
[90m    at Proxy.mkdirSync (node:fs:1363:26)[39m
    at ensureGeminiDirExists (/Users/sam/sites/GrokCLI/packages/core/src/utils/user_id.ts:19:8)
    at getInstallationId (/Users/sam/sites/GrokCLI/packages/core/src/utils/user_id.ts:42:5)
    at ClearcutLogger.createLogEvent (/Users/sam/sites/GrokCLI/packages/core/src/telemetry/clearcut-logger/clearcut-logger.ts:91:53)
    at ClearcutLogger.logStartSessionEvent (/Users/sam/sites/GrokCLI/packages/core/src/telemetry/clearcut-logger/clearcut-logger.ts:266:31)
    at new Config (/Users/sam/sites/GrokCLI/packages/core/src/config/config.ts:247:41)
    at new GrokConfig (/Users/sam/sites/GrokCLI/packages/core/src/config/grokConfig.ts:16:5)
    at Module.loadCliConfig [90m(/Users/sam/sites/GrokCLI/packages/cli/[39msrc/config/config.ts:264:10[90m)[39m
[90m    at processTicksAndRejections (node:internal/process/task_queues:105:5)[39m
    at [90m/Users/sam/sites/GrokCLI/packages/cli/[39msrc/config/config.test.ts:375:20 {
  errno: [33m-2[39m,
  code: [32m&apos;ENOENT&apos;[39m,
  syscall: [32m&apos;mkdir&apos;[39m,
  path: [32m&apos;/mock/home/user/.gemini&apos;[39m
}

            </system-err>
        </testcase>
        <testcase classname="src/config/config.test.ts" name="mergeExcludeTools &gt; should handle overlapping excludeTools between settings and extensions" time="0.001622334">
            <system-err>
Error accessing installation ID file, generating ephemeral ID: Error: ENOENT: no such file or directory, mkdir &apos;/mock/home/user/.gemini&apos;
[90m    at Proxy.mkdirSync (node:fs:1363:26)[39m
    at ensureGeminiDirExists (/Users/sam/sites/GrokCLI/packages/core/src/utils/user_id.ts:19:8)
    at getInstallationId (/Users/sam/sites/GrokCLI/packages/core/src/utils/user_id.ts:42:5)
    at ClearcutLogger.createLogEvent (/Users/sam/sites/GrokCLI/packages/core/src/telemetry/clearcut-logger/clearcut-logger.ts:91:53)
    at ClearcutLogger.logStartSessionEvent (/Users/sam/sites/GrokCLI/packages/core/src/telemetry/clearcut-logger/clearcut-logger.ts:266:31)
    at new Config (/Users/sam/sites/GrokCLI/packages/core/src/config/config.ts:247:41)
    at new GrokConfig (/Users/sam/sites/GrokCLI/packages/core/src/config/grokConfig.ts:16:5)
    at Module.loadCliConfig [90m(/Users/sam/sites/GrokCLI/packages/cli/[39msrc/config/config.ts:264:10[90m)[39m
[90m    at processTicksAndRejections (node:internal/process/task_queues:105:5)[39m
    at [90m/Users/sam/sites/GrokCLI/packages/cli/[39msrc/config/config.test.ts:394:20 {
  errno: [33m-2[39m,
  code: [32m&apos;ENOENT&apos;[39m,
  syscall: [32m&apos;mkdir&apos;[39m,
  path: [32m&apos;/mock/home/user/.gemini&apos;[39m
}

            </system-err>
        </testcase>
        <testcase classname="src/config/config.test.ts" name="mergeExcludeTools &gt; should handle overlapping excludeTools between extensions" time="0.001454125">
            <system-err>
Error accessing installation ID file, generating ephemeral ID: Error: ENOENT: no such file or directory, mkdir &apos;/mock/home/user/.gemini&apos;
[90m    at Proxy.mkdirSync (node:fs:1363:26)[39m
    at ensureGeminiDirExists (/Users/sam/sites/GrokCLI/packages/core/src/utils/user_id.ts:19:8)
    at getInstallationId (/Users/sam/sites/GrokCLI/packages/core/src/utils/user_id.ts:42:5)
    at ClearcutLogger.createLogEvent (/Users/sam/sites/GrokCLI/packages/core/src/telemetry/clearcut-logger/clearcut-logger.ts:91:53)
    at ClearcutLogger.logStartSessionEvent (/Users/sam/sites/GrokCLI/packages/core/src/telemetry/clearcut-logger/clearcut-logger.ts:266:31)
    at new Config (/Users/sam/sites/GrokCLI/packages/core/src/config/config.ts:247:41)
    at new GrokConfig (/Users/sam/sites/GrokCLI/packages/core/src/config/grokConfig.ts:16:5)
    at Module.loadCliConfig [90m(/Users/sam/sites/GrokCLI/packages/cli/[39msrc/config/config.ts:264:10[90m)[39m
[90m    at processTicksAndRejections (node:internal/process/task_queues:105:5)[39m
    at [90m/Users/sam/sites/GrokCLI/packages/cli/[39msrc/config/config.test.ts:421:20 {
  errno: [33m-2[39m,
  code: [32m&apos;ENOENT&apos;[39m,
  syscall: [32m&apos;mkdir&apos;[39m,
  path: [32m&apos;/mock/home/user/.gemini&apos;[39m
}

            </system-err>
        </testcase>
        <testcase classname="src/config/config.test.ts" name="mergeExcludeTools &gt; should return an empty array when no excludeTools are specified" time="0.001425125">
            <system-err>
Error accessing installation ID file, generating ephemeral ID: Error: ENOENT: no such file or directory, mkdir &apos;/mock/home/user/.gemini&apos;
[90m    at Proxy.mkdirSync (node:fs:1363:26)[39m
    at ensureGeminiDirExists (/Users/sam/sites/GrokCLI/packages/core/src/utils/user_id.ts:19:8)
    at getInstallationId (/Users/sam/sites/GrokCLI/packages/core/src/utils/user_id.ts:42:5)
    at ClearcutLogger.createLogEvent (/Users/sam/sites/GrokCLI/packages/core/src/telemetry/clearcut-logger/clearcut-logger.ts:91:53)
    at ClearcutLogger.logStartSessionEvent (/Users/sam/sites/GrokCLI/packages/core/src/telemetry/clearcut-logger/clearcut-logger.ts:266:31)
    at new Config (/Users/sam/sites/GrokCLI/packages/core/src/config/config.ts:247:41)
    at new GrokConfig (/Users/sam/sites/GrokCLI/packages/core/src/config/grokConfig.ts:16:5)
    at Module.loadCliConfig [90m(/Users/sam/sites/GrokCLI/packages/cli/[39msrc/config/config.ts:264:10[90m)[39m
[90m    at processTicksAndRejections (node:internal/process/task_queues:105:5)[39m
    at [90m/Users/sam/sites/GrokCLI/packages/cli/[39msrc/config/config.test.ts:431:20 {
  errno: [33m-2[39m,
  code: [32m&apos;ENOENT&apos;[39m,
  syscall: [32m&apos;mkdir&apos;[39m,
  path: [32m&apos;/mock/home/user/.gemini&apos;[39m
}

            </system-err>
        </testcase>
        <testcase classname="src/config/config.test.ts" name="mergeExcludeTools &gt; should handle settings with excludeTools but no extensions" time="0.001573917">
            <system-err>
Error accessing installation ID file, generating ephemeral ID: Error: ENOENT: no such file or directory, mkdir &apos;/mock/home/user/.gemini&apos;
[90m    at Proxy.mkdirSync (node:fs:1363:26)[39m
    at ensureGeminiDirExists (/Users/sam/sites/GrokCLI/packages/core/src/utils/user_id.ts:19:8)
    at getInstallationId (/Users/sam/sites/GrokCLI/packages/core/src/utils/user_id.ts:42:5)
    at ClearcutLogger.createLogEvent (/Users/sam/sites/GrokCLI/packages/core/src/telemetry/clearcut-logger/clearcut-logger.ts:91:53)
    at ClearcutLogger.logStartSessionEvent (/Users/sam/sites/GrokCLI/packages/core/src/telemetry/clearcut-logger/clearcut-logger.ts:266:31)
    at new Config (/Users/sam/sites/GrokCLI/packages/core/src/config/config.ts:247:41)
    at new GrokConfig (/Users/sam/sites/GrokCLI/packages/core/src/config/grokConfig.ts:16:5)
    at Module.loadCliConfig [90m(/Users/sam/sites/GrokCLI/packages/cli/[39msrc/config/config.ts:264:10[90m)[39m
[90m    at processTicksAndRejections (node:internal/process/task_queues:105:5)[39m
    at [90m/Users/sam/sites/GrokCLI/packages/cli/[39msrc/config/config.test.ts:438:20 {
  errno: [33m-2[39m,
  code: [32m&apos;ENOENT&apos;[39m,
  syscall: [32m&apos;mkdir&apos;[39m,
  path: [32m&apos;/mock/home/user/.gemini&apos;[39m
}

            </system-err>
        </testcase>
        <testcase classname="src/config/config.test.ts" name="mergeExcludeTools &gt; should handle extensions with excludeTools but no settings" time="0.001695667">
            <system-err>
Error accessing installation ID file, generating ephemeral ID: Error: ENOENT: no such file or directory, mkdir &apos;/mock/home/user/.gemini&apos;
[90m    at Proxy.mkdirSync (node:fs:1363:26)[39m
    at ensureGeminiDirExists (/Users/sam/sites/GrokCLI/packages/core/src/utils/user_id.ts:19:8)
    at getInstallationId (/Users/sam/sites/GrokCLI/packages/core/src/utils/user_id.ts:42:5)
    at ClearcutLogger.createLogEvent (/Users/sam/sites/GrokCLI/packages/core/src/telemetry/clearcut-logger/clearcut-logger.ts:91:53)
    at ClearcutLogger.logStartSessionEvent (/Users/sam/sites/GrokCLI/packages/core/src/telemetry/clearcut-logger/clearcut-logger.ts:266:31)
    at new Config (/Users/sam/sites/GrokCLI/packages/core/src/config/config.ts:247:41)
    at new GrokConfig (/Users/sam/sites/GrokCLI/packages/core/src/config/grokConfig.ts:16:5)
    at Module.loadCliConfig [90m(/Users/sam/sites/GrokCLI/packages/cli/[39msrc/config/config.ts:264:10[90m)[39m
[90m    at processTicksAndRejections (node:internal/process/task_queues:105:5)[39m
    at [90m/Users/sam/sites/GrokCLI/packages/cli/[39msrc/config/config.test.ts:457:20 {
  errno: [33m-2[39m,
  code: [32m&apos;ENOENT&apos;[39m,
  syscall: [32m&apos;mkdir&apos;[39m,
  path: [32m&apos;/mock/home/user/.gemini&apos;[39m
}

            </system-err>
        </testcase>
        <testcase classname="src/config/config.test.ts" name="mergeExcludeTools &gt; should not modify the original settings object" time="0.001562333">
            <system-err>
Error accessing installation ID file, generating ephemeral ID: Error: ENOENT: no such file or directory, mkdir &apos;/mock/home/user/.gemini&apos;
[90m    at Proxy.mkdirSync (node:fs:1363:26)[39m
    at ensureGeminiDirExists (/Users/sam/sites/GrokCLI/packages/core/src/utils/user_id.ts:19:8)
    at getInstallationId (/Users/sam/sites/GrokCLI/packages/core/src/utils/user_id.ts:42:5)
    at ClearcutLogger.createLogEvent (/Users/sam/sites/GrokCLI/packages/core/src/telemetry/clearcut-logger/clearcut-logger.ts:91:53)
    at ClearcutLogger.logStartSessionEvent (/Users/sam/sites/GrokCLI/packages/core/src/telemetry/clearcut-logger/clearcut-logger.ts:266:31)
    at new Config (/Users/sam/sites/GrokCLI/packages/core/src/config/config.ts:247:41)
    at new GrokConfig (/Users/sam/sites/GrokCLI/packages/core/src/config/grokConfig.ts:16:5)
    at Module.loadCliConfig [90m(/Users/sam/sites/GrokCLI/packages/cli/[39msrc/config/config.ts:264:10[90m)[39m
[90m    at processTicksAndRejections (node:internal/process/task_queues:105:5)[39m
    at [90m/Users/sam/sites/GrokCLI/packages/cli/[39msrc/config/config.test.ts:477:5 {
  errno: [33m-2[39m,
  code: [32m&apos;ENOENT&apos;[39m,
  syscall: [32m&apos;mkdir&apos;[39m,
  path: [32m&apos;/mock/home/user/.gemini&apos;[39m
}

            </system-err>
        </testcase>
        <testcase classname="src/config/config.test.ts" name="loadCliConfig with allowed-mcp-server-names &gt; should allow all MCP servers if the flag is not provided" time="0.001436291">
            <system-err>
Error accessing installation ID file, generating ephemeral ID: Error: ENOENT: no such file or directory, mkdir &apos;/mock/home/user/.gemini&apos;
[90m    at Proxy.mkdirSync (node:fs:1363:26)[39m
    at ensureGeminiDirExists (/Users/sam/sites/GrokCLI/packages/core/src/utils/user_id.ts:19:8)
    at getInstallationId (/Users/sam/sites/GrokCLI/packages/core/src/utils/user_id.ts:42:5)
    at ClearcutLogger.createLogEvent (/Users/sam/sites/GrokCLI/packages/core/src/telemetry/clearcut-logger/clearcut-logger.ts:91:53)
    at ClearcutLogger.logStartSessionEvent (/Users/sam/sites/GrokCLI/packages/core/src/telemetry/clearcut-logger/clearcut-logger.ts:266:31)
    at new Config (/Users/sam/sites/GrokCLI/packages/core/src/config/config.ts:247:41)
    at new GrokConfig (/Users/sam/sites/GrokCLI/packages/core/src/config/grokConfig.ts:16:5)
    at Module.loadCliConfig [90m(/Users/sam/sites/GrokCLI/packages/cli/[39msrc/config/config.ts:264:10[90m)[39m
[90m    at processTicksAndRejections (node:internal/process/task_queues:105:5)[39m
    at [90m/Users/sam/sites/GrokCLI/packages/cli/[39msrc/config/config.test.ts:508:20 {
  errno: [33m-2[39m,
  code: [32m&apos;ENOENT&apos;[39m,
  syscall: [32m&apos;mkdir&apos;[39m,
  path: [32m&apos;/mock/home/user/.gemini&apos;[39m
}

            </system-err>
        </testcase>
        <testcase classname="src/config/config.test.ts" name="loadCliConfig with allowed-mcp-server-names &gt; should allow only the specified MCP server" time="0.001589959">
            <system-err>
Error accessing installation ID file, generating ephemeral ID: Error: ENOENT: no such file or directory, mkdir &apos;/mock/home/user/.gemini&apos;
[90m    at Proxy.mkdirSync (node:fs:1363:26)[39m
    at ensureGeminiDirExists (/Users/sam/sites/GrokCLI/packages/core/src/utils/user_id.ts:19:8)
    at getInstallationId (/Users/sam/sites/GrokCLI/packages/core/src/utils/user_id.ts:42:5)
    at ClearcutLogger.createLogEvent (/Users/sam/sites/GrokCLI/packages/core/src/telemetry/clearcut-logger/clearcut-logger.ts:91:53)
    at ClearcutLogger.logStartSessionEvent (/Users/sam/sites/GrokCLI/packages/core/src/telemetry/clearcut-logger/clearcut-logger.ts:266:31)
    at new Config (/Users/sam/sites/GrokCLI/packages/core/src/config/config.ts:247:41)
    at new GrokConfig (/Users/sam/sites/GrokCLI/packages/core/src/config/grokConfig.ts:16:5)
    at Module.loadCliConfig [90m(/Users/sam/sites/GrokCLI/packages/cli/[39msrc/config/config.ts:264:10[90m)[39m
[90m    at processTicksAndRejections (node:internal/process/task_queues:105:5)[39m
    at [90m/Users/sam/sites/GrokCLI/packages/cli/[39msrc/config/config.test.ts:519:20 {
  errno: [33m-2[39m,
  code: [32m&apos;ENOENT&apos;[39m,
  syscall: [32m&apos;mkdir&apos;[39m,
  path: [32m&apos;/mock/home/user/.gemini&apos;[39m
}

            </system-err>
        </testcase>
        <testcase classname="src/config/config.test.ts" name="loadCliConfig with allowed-mcp-server-names &gt; should allow multiple specified MCP servers" time="0.001557583">
            <system-err>
Error accessing installation ID file, generating ephemeral ID: Error: ENOENT: no such file or directory, mkdir &apos;/mock/home/user/.gemini&apos;
[90m    at Proxy.mkdirSync (node:fs:1363:26)[39m
    at ensureGeminiDirExists (/Users/sam/sites/GrokCLI/packages/core/src/utils/user_id.ts:19:8)
    at getInstallationId (/Users/sam/sites/GrokCLI/packages/core/src/utils/user_id.ts:42:5)
    at ClearcutLogger.createLogEvent (/Users/sam/sites/GrokCLI/packages/core/src/telemetry/clearcut-logger/clearcut-logger.ts:91:53)
    at ClearcutLogger.logStartSessionEvent (/Users/sam/sites/GrokCLI/packages/core/src/telemetry/clearcut-logger/clearcut-logger.ts:266:31)
    at new Config (/Users/sam/sites/GrokCLI/packages/core/src/config/config.ts:247:41)
    at new GrokConfig (/Users/sam/sites/GrokCLI/packages/core/src/config/grokConfig.ts:16:5)
    at Module.loadCliConfig [90m(/Users/sam/sites/GrokCLI/packages/cli/[39msrc/config/config.ts:264:10[90m)[39m
[90m    at processTicksAndRejections (node:internal/process/task_queues:105:5)[39m
    at [90m/Users/sam/sites/GrokCLI/packages/cli/[39msrc/config/config.test.ts:534:20 {
  errno: [33m-2[39m,
  code: [32m&apos;ENOENT&apos;[39m,
  syscall: [32m&apos;mkdir&apos;[39m,
  path: [32m&apos;/mock/home/user/.gemini&apos;[39m
}

            </system-err>
        </testcase>
        <testcase classname="src/config/config.test.ts" name="loadCliConfig with allowed-mcp-server-names &gt; should handle server names that do not exist" time="0.00143425">
            <system-err>
Error accessing installation ID file, generating ephemeral ID: Error: ENOENT: no such file or directory, mkdir &apos;/mock/home/user/.gemini&apos;
[90m    at Proxy.mkdirSync (node:fs:1363:26)[39m
    at ensureGeminiDirExists (/Users/sam/sites/GrokCLI/packages/core/src/utils/user_id.ts:19:8)
    at getInstallationId (/Users/sam/sites/GrokCLI/packages/core/src/utils/user_id.ts:42:5)
    at ClearcutLogger.createLogEvent (/Users/sam/sites/GrokCLI/packages/core/src/telemetry/clearcut-logger/clearcut-logger.ts:91:53)
    at ClearcutLogger.logStartSessionEvent (/Users/sam/sites/GrokCLI/packages/core/src/telemetry/clearcut-logger/clearcut-logger.ts:266:31)
    at new Config (/Users/sam/sites/GrokCLI/packages/core/src/config/config.ts:247:41)
    at new GrokConfig (/Users/sam/sites/GrokCLI/packages/core/src/config/grokConfig.ts:16:5)
    at Module.loadCliConfig [90m(/Users/sam/sites/GrokCLI/packages/cli/[39msrc/config/config.ts:264:10[90m)[39m
[90m    at processTicksAndRejections (node:internal/process/task_queues:105:5)[39m
    at [90m/Users/sam/sites/GrokCLI/packages/cli/[39msrc/config/config.test.ts:550:20 {
  errno: [33m-2[39m,
  code: [32m&apos;ENOENT&apos;[39m,
  syscall: [32m&apos;mkdir&apos;[39m,
  path: [32m&apos;/mock/home/user/.gemini&apos;[39m
}

            </system-err>
        </testcase>
        <testcase classname="src/config/config.test.ts" name="loadCliConfig with allowed-mcp-server-names &gt; should allow no MCP servers if the flag is provided but empty" time="0.001353292">
            <system-err>
Error accessing installation ID file, generating ephemeral ID: Error: ENOENT: no such file or directory, mkdir &apos;/mock/home/user/.gemini&apos;
[90m    at Proxy.mkdirSync (node:fs:1363:26)[39m
    at ensureGeminiDirExists (/Users/sam/sites/GrokCLI/packages/core/src/utils/user_id.ts:19:8)
    at getInstallationId (/Users/sam/sites/GrokCLI/packages/core/src/utils/user_id.ts:42:5)
    at ClearcutLogger.createLogEvent (/Users/sam/sites/GrokCLI/packages/core/src/telemetry/clearcut-logger/clearcut-logger.ts:91:53)
    at ClearcutLogger.logStartSessionEvent (/Users/sam/sites/GrokCLI/packages/core/src/telemetry/clearcut-logger/clearcut-logger.ts:266:31)
    at new Config (/Users/sam/sites/GrokCLI/packages/core/src/config/config.ts:247:41)
    at new GrokConfig (/Users/sam/sites/GrokCLI/packages/core/src/config/grokConfig.ts:16:5)
    at Module.loadCliConfig [90m(/Users/sam/sites/GrokCLI/packages/cli/[39msrc/config/config.ts:264:10[90m)[39m
[90m    at processTicksAndRejections (node:internal/process/task_queues:105:5)[39m
    at [90m/Users/sam/sites/GrokCLI/packages/cli/[39msrc/config/config.test.ts:558:20 {
  errno: [33m-2[39m,
  code: [32m&apos;ENOENT&apos;[39m,
  syscall: [32m&apos;mkdir&apos;[39m,
  path: [32m&apos;/mock/home/user/.gemini&apos;[39m
}

            </system-err>
        </testcase>
        <testcase classname="src/config/config.test.ts" name="loadCliConfig extensions &gt; should not filter extensions if --extensions flag is not used" time="0.004014333">
            <system-err>
Error accessing installation ID file, generating ephemeral ID: Error: ENOENT: no such file or directory, mkdir &apos;/mock/home/user/.gemini&apos;
[90m    at Proxy.mkdirSync (node:fs:1363:26)[39m
    at ensureGeminiDirExists (/Users/sam/sites/GrokCLI/packages/core/src/utils/user_id.ts:19:8)
    at getInstallationId (/Users/sam/sites/GrokCLI/packages/core/src/utils/user_id.ts:42:5)
    at ClearcutLogger.createLogEvent (/Users/sam/sites/GrokCLI/packages/core/src/telemetry/clearcut-logger/clearcut-logger.ts:91:53)
    at ClearcutLogger.logStartSessionEvent (/Users/sam/sites/GrokCLI/packages/core/src/telemetry/clearcut-logger/clearcut-logger.ts:266:31)
    at new Config (/Users/sam/sites/GrokCLI/packages/core/src/config/config.ts:247:41)
    at new GrokConfig (/Users/sam/sites/GrokCLI/packages/core/src/config/grokConfig.ts:16:5)
    at Module.loadCliConfig [90m(/Users/sam/sites/GrokCLI/packages/cli/[39msrc/config/config.ts:264:10[90m)[39m
[90m    at processTicksAndRejections (node:internal/process/task_queues:105:5)[39m
    at [90m/Users/sam/sites/GrokCLI/packages/cli/[39msrc/config/config.test.ts:578:20 {
  errno: [33m-2[39m,
  code: [32m&apos;ENOENT&apos;[39m,
  syscall: [32m&apos;mkdir&apos;[39m,
  path: [32m&apos;/mock/home/user/.gemini&apos;[39m
}

            </system-err>
        </testcase>
        <testcase classname="src/config/config.test.ts" name="loadCliConfig extensions &gt; should filter extensions if --extensions flag is used" time="0.003326292">
            <system-out>
Activated extension: ext1 (version: 1.0.0)
Disabled extension: ext2

            </system-out>
            <system-err>
Error accessing installation ID file, generating ephemeral ID: Error: ENOENT: no such file or directory, mkdir &apos;/mock/home/user/.gemini&apos;
[90m    at Proxy.mkdirSync (node:fs:1363:26)[39m
    at ensureGeminiDirExists (/Users/sam/sites/GrokCLI/packages/core/src/utils/user_id.ts:19:8)
    at getInstallationId (/Users/sam/sites/GrokCLI/packages/core/src/utils/user_id.ts:42:5)
    at ClearcutLogger.createLogEvent (/Users/sam/sites/GrokCLI/packages/core/src/telemetry/clearcut-logger/clearcut-logger.ts:91:53)
    at ClearcutLogger.logStartSessionEvent (/Users/sam/sites/GrokCLI/packages/core/src/telemetry/clearcut-logger/clearcut-logger.ts:266:31)
    at new Config (/Users/sam/sites/GrokCLI/packages/core/src/config/config.ts:247:41)
    at new GrokConfig (/Users/sam/sites/GrokCLI/packages/core/src/config/grokConfig.ts:16:5)
    at Module.loadCliConfig [90m(/Users/sam/sites/GrokCLI/packages/cli/[39msrc/config/config.ts:264:10[90m)[39m
[90m    at processTicksAndRejections (node:internal/process/task_queues:105:5)[39m
    at [90m/Users/sam/sites/GrokCLI/packages/cli/[39msrc/config/config.test.ts:592:20 {
  errno: [33m-2[39m,
  code: [32m&apos;ENOENT&apos;[39m,
  syscall: [32m&apos;mkdir&apos;[39m,
  path: [32m&apos;/mock/home/user/.gemini&apos;[39m
}

            </system-err>
        </testcase>
    </testsuite>
    <testsuite name="src/config/extension.test.ts" timestamp="2025-07-12T22:10:28.038Z" hostname="Mac" tests="7" failures="1" errors="0" skipped="0" time="0.01463225">
        <testcase classname="src/config/extension.test.ts" name="loadExtensions &gt; should load context file path when GEMINI.md is present" time="0.01075675">
            <system-out>
Loading extension: ext1 (version: 1.0.0)
Loading extension: ext2 (version: 2.0.0)

            </system-out>
            <failure message="expected [] to deeply equal [ Array(1) ]" type="AssertionError">
AssertionError: expected [] to deeply equal [ Array(1) ]

- Expected
+ Received

- [
-   &quot;/var/folders/6j/zscd_z_56svbhtbfxkyhb4fc0000gn/T/gemini-cli-test-workspace-lHQNk7/.grok/extensions/ext1/GEMINI.md&quot;,
- ]
+ []

 ❯ src/config/extension.test.ts:59:32

            </failure>
        </testcase>
        <testcase classname="src/config/extension.test.ts" name="loadExtensions &gt; should load context file path from the extension config" time="0.001855125">
            <system-out>
Loading extension: ext1 (version: 1.0.0)

            </system-out>
        </testcase>
        <testcase classname="src/config/extension.test.ts" name="filterActiveExtensions &gt; should return all extensions if no enabled extensions are provided" time="0.000134958">
        </testcase>
        <testcase classname="src/config/extension.test.ts" name="filterActiveExtensions &gt; should return only the enabled extensions" time="0.000266459">
            <system-out>
Activated extension: ext1 (version: 1.0.0)
Disabled extension: ext2
Activated extension: ext3 (version: 1.0.0)

            </system-out>
        </testcase>
        <testcase classname="src/config/extension.test.ts" name="filterActiveExtensions &gt; should return no extensions when &quot;none&quot; is provided" time="0.000108458">
            <system-out>
All extensions are disabled.

            </system-out>
        </testcase>
        <testcase classname="src/config/extension.test.ts" name="filterActiveExtensions &gt; should handle case-insensitivity" time="0.00022625">
            <system-out>
Activated extension: ext1 (version: 1.0.0)
Disabled extension: ext2
Disabled extension: ext3

            </system-out>
        </testcase>
        <testcase classname="src/config/extension.test.ts" name="filterActiveExtensions &gt; should log an error for unknown extensions" time="0.000304792">
        </testcase>
    </testsuite>
    <testsuite name="src/config/settings.test.ts" timestamp="2025-07-12T22:10:28.039Z" hostname="Mac" tests="25" failures="0" errors="0" skipped="0" time="0.012273875">
        <testcase classname="src/config/settings.test.ts" name="Settings Loading and Merging &gt; loadSettings &gt; should load empty settings if no files exist" time="0.002040541">
        </testcase>
        <testcase classname="src/config/settings.test.ts" name="Settings Loading and Merging &gt; loadSettings &gt; should load system settings if only system file exists" time="0.001017125">
        </testcase>
        <testcase classname="src/config/settings.test.ts" name="Settings Loading and Merging &gt; loadSettings &gt; should load user settings if only user file exists" time="0.00037175">
        </testcase>
        <testcase classname="src/config/settings.test.ts" name="Settings Loading and Merging &gt; loadSettings &gt; should load workspace settings if only workspace file exists" time="0.000350667">
        </testcase>
        <testcase classname="src/config/settings.test.ts" name="Settings Loading and Merging &gt; loadSettings &gt; should merge user and workspace settings, with workspace taking precedence" time="0.000698916">
        </testcase>
        <testcase classname="src/config/settings.test.ts" name="Settings Loading and Merging &gt; loadSettings &gt; should merge system, user and workspace settings, with system taking precedence over workspace, and workspace over user" time="0.000404875">
        </testcase>
        <testcase classname="src/config/settings.test.ts" name="Settings Loading and Merging &gt; loadSettings &gt; should handle contextFileName correctly when only in user settings" time="0.000305833">
        </testcase>
        <testcase classname="src/config/settings.test.ts" name="Settings Loading and Merging &gt; loadSettings &gt; should handle contextFileName correctly when only in workspace settings" time="0.000265458">
        </testcase>
        <testcase classname="src/config/settings.test.ts" name="Settings Loading and Merging &gt; loadSettings &gt; should default contextFileName to undefined if not in any settings file" time="0.000348417">
        </testcase>
        <testcase classname="src/config/settings.test.ts" name="Settings Loading and Merging &gt; loadSettings &gt; should load telemetry setting from user settings" time="0.000251833">
        </testcase>
        <testcase classname="src/config/settings.test.ts" name="Settings Loading and Merging &gt; loadSettings &gt; should load telemetry setting from workspace settings" time="0.000789791">
        </testcase>
        <testcase classname="src/config/settings.test.ts" name="Settings Loading and Merging &gt; loadSettings &gt; should prioritize workspace telemetry setting over user setting" time="0.0002965">
        </testcase>
        <testcase classname="src/config/settings.test.ts" name="Settings Loading and Merging &gt; loadSettings &gt; should have telemetry as undefined if not in any settings file" time="0.00022675">
        </testcase>
        <testcase classname="src/config/settings.test.ts" name="Settings Loading and Merging &gt; loadSettings &gt; should handle JSON parsing errors gracefully" time="0.000641166">
        </testcase>
        <testcase classname="src/config/settings.test.ts" name="Settings Loading and Merging &gt; loadSettings &gt; should resolve environment variables in user settings" time="0.000296958">
        </testcase>
        <testcase classname="src/config/settings.test.ts" name="Settings Loading and Merging &gt; loadSettings &gt; should resolve environment variables in workspace settings" time="0.000276">
        </testcase>
        <testcase classname="src/config/settings.test.ts" name="Settings Loading and Merging &gt; loadSettings &gt; should prioritize user env variables over workspace env variables if keys clash after resolution" time="0.000298042">
        </testcase>
        <testcase classname="src/config/settings.test.ts" name="Settings Loading and Merging &gt; loadSettings &gt; should prioritize workspace env variables over user env variables if keys clash after resolution" time="0.000249334">
        </testcase>
        <testcase classname="src/config/settings.test.ts" name="Settings Loading and Merging &gt; loadSettings &gt; should prioritize system env variables over workspace env variables if keys clash after resolution" time="0.000255167">
        </testcase>
        <testcase classname="src/config/settings.test.ts" name="Settings Loading and Merging &gt; loadSettings &gt; should leave unresolved environment variables as is" time="0.000252875">
        </testcase>
        <testcase classname="src/config/settings.test.ts" name="Settings Loading and Merging &gt; loadSettings &gt; should resolve multiple environment variables in a single string" time="0.000299">
        </testcase>
        <testcase classname="src/config/settings.test.ts" name="Settings Loading and Merging &gt; loadSettings &gt; should resolve environment variables in arrays" time="0.00024875">
        </testcase>
        <testcase classname="src/config/settings.test.ts" name="Settings Loading and Merging &gt; loadSettings &gt; should correctly pass through null, boolean, and number types, and handle undefined properties" time="0.00036575">
        </testcase>
        <testcase classname="src/config/settings.test.ts" name="Settings Loading and Merging &gt; loadSettings &gt; should resolve multiple concatenated environment variables in a single string value" time="0.000251375">
        </testcase>
        <testcase classname="src/config/settings.test.ts" name="Settings Loading and Merging &gt; LoadedSettings class &gt; setValue should update the correct scope and recompute merged settings" time="0.000409833">
        </testcase>
    </testsuite>
    <testsuite name="src/services/CommandService.test.ts" timestamp="2025-07-12T22:10:28.040Z" hostname="Mac" tests="5" failures="0" errors="0" skipped="0" time="0.003673417">
        <testcase classname="src/services/CommandService.test.ts" name="CommandService &gt; when using default production loader &gt; should initialize with an empty command tree" time="0.00089975">
        </testcase>
        <testcase classname="src/services/CommandService.test.ts" name="CommandService &gt; when using default production loader &gt; loadCommands &gt; should load the built-in commands into the command tree" time="0.000608167">
        </testcase>
        <testcase classname="src/services/CommandService.test.ts" name="CommandService &gt; when using default production loader &gt; loadCommands &gt; should overwrite any existing commands when called again" time="0.000083">
        </testcase>
        <testcase classname="src/services/CommandService.test.ts" name="CommandService &gt; when using default production loader &gt; getCommandTree &gt; should return the current command tree" time="0.000441167">
        </testcase>
        <testcase classname="src/services/CommandService.test.ts" name="CommandService &gt; when initialized with an injected loader function &gt; should use the provided loader instead of the built-in one" time="0.000833125">
        </testcase>
    </testsuite>
    <testsuite name="src/test-utils/mockCommandContext.test.ts" timestamp="2025-07-12T22:10:28.041Z" hostname="Mac" tests="3" failures="0" errors="0" skipped="0" time="0.002409583">
        <testcase classname="src/test-utils/mockCommandContext.test.ts" name="createMockCommandContext &gt; should return a valid CommandContext object with default mocks" time="0.001297458">
        </testcase>
        <testcase classname="src/test-utils/mockCommandContext.test.ts" name="createMockCommandContext &gt; should apply top-level overrides correctly" time="0.000334584">
        </testcase>
        <testcase classname="src/test-utils/mockCommandContext.test.ts" name="createMockCommandContext &gt; should apply deeply nested overrides correctly" time="0.000172167">
        </testcase>
    </testsuite>
    <testsuite name="src/ui/App.test.tsx" timestamp="2025-07-12T22:10:28.041Z" hostname="Mac" tests="13" failures="0" errors="0" skipped="0" time="0.236621417">
        <testcase classname="src/ui/App.test.tsx" name="App UI &gt; should display default &quot;GEMINI.md&quot; in footer when contextFileName is not set and count is 1" time="0.037566083">
        </testcase>
        <testcase classname="src/ui/App.test.tsx" name="App UI &gt; should display default &quot;GEMINI.md&quot; with plural when contextFileName is not set and count is &gt; 1" time="0.014179791">
        </testcase>
        <testcase classname="src/ui/App.test.tsx" name="App UI &gt; should display custom contextFileName in footer when set and count is 1" time="0.008837292">
        </testcase>
        <testcase classname="src/ui/App.test.tsx" name="App UI &gt; should display a generic message when multiple context files with different names are provided" time="0.009796958">
        </testcase>
        <testcase classname="src/ui/App.test.tsx" name="App UI &gt; should display custom contextFileName with plural when set and count is &gt; 1" time="0.008480041">
        </testcase>
        <testcase classname="src/ui/App.test.tsx" name="App UI &gt; should not display context file message if count is 0, even if contextFileName is set" time="0.010444916">
        </testcase>
        <testcase classname="src/ui/App.test.tsx" name="App UI &gt; should display GEMINI.md and MCP server count when both are present" time="0.007950583">
        </testcase>
        <testcase classname="src/ui/App.test.tsx" name="App UI &gt; should display only MCP server count when GEMINI.md count is 0" time="0.009618792">
        </testcase>
        <testcase classname="src/ui/App.test.tsx" name="App UI &gt; should display Tips component by default" time="0.013776375">
        </testcase>
        <testcase classname="src/ui/App.test.tsx" name="App UI &gt; should not display Tips component when hideTips is true" time="0.036414833">
        </testcase>
        <testcase classname="src/ui/App.test.tsx" name="App UI &gt; should show tips if system says show, but workspace and user settings say hide" time="0.033687333">
        </testcase>
        <testcase classname="src/ui/App.test.tsx" name="App UI &gt; when no theme is set &gt; should display theme dialog if NO_COLOR is not set" time="0.035643625">
        </testcase>
        <testcase classname="src/ui/App.test.tsx" name="App UI &gt; when no theme is set &gt; should display a message if NO_COLOR is set" time="0.008979375">
        </testcase>
    </testsuite>
    <testsuite name="src/utils/startupWarnings.test.ts" timestamp="2025-07-12T22:10:28.042Z" hostname="Mac" tests="4" failures="0" errors="0" skipped="4" time="0">
        <testcase classname="src/utils/startupWarnings.test.ts" name="startupWarnings &gt; should return warnings from the file and delete it" time="0">
            <skipped/>
        </testcase>
        <testcase classname="src/utils/startupWarnings.test.ts" name="startupWarnings &gt; should return an empty array if the file does not exist" time="0">
            <skipped/>
        </testcase>
        <testcase classname="src/utils/startupWarnings.test.ts" name="startupWarnings &gt; should return an error message if reading the file fails" time="0">
            <skipped/>
        </testcase>
        <testcase classname="src/utils/startupWarnings.test.ts" name="startupWarnings &gt; should return a warning if deleting the file fails" time="0">
            <skipped/>
        </testcase>
    </testsuite>
    <testsuite name="src/utils/userStartupWarnings.test.ts" timestamp="2025-07-12T22:10:28.042Z" hostname="Mac" tests="3" failures="0" errors="0" skipped="0" time="0.002079709">
        <testcase classname="src/utils/userStartupWarnings.test.ts" name="getUserStartupWarnings &gt; home directory check &gt; should return a warning when running in home directory" time="0.001098833">
        </testcase>
        <testcase classname="src/utils/userStartupWarnings.test.ts" name="getUserStartupWarnings &gt; home directory check &gt; should not return a warning when running in a project directory" time="0.000207041">
        </testcase>
        <testcase classname="src/utils/userStartupWarnings.test.ts" name="getUserStartupWarnings &gt; home directory check &gt; should handle errors when checking directory" time="0.000172333">
        </testcase>
    </testsuite>
    <testsuite name="src/ui/commands/clearCommand.test.ts" timestamp="2025-07-12T22:10:28.043Z" hostname="Mac" tests="2" failures="0" errors="0" skipped="0" time="0.006113791">
        <testcase classname="src/ui/commands/clearCommand.test.ts" name="clearCommand &gt; should set debug message, reset chat, and clear UI when config is available" time="0.004411083">
        </testcase>
        <testcase classname="src/ui/commands/clearCommand.test.ts" name="clearCommand &gt; should not attempt to reset chat if config service is not available" time="0.000423125">
        </testcase>
    </testsuite>
    <testsuite name="src/ui/commands/helpCommand.test.ts" timestamp="2025-07-12T22:10:28.043Z" hostname="Mac" tests="2" failures="0" errors="0" skipped="0" time="0.002535791">
[...]

 ❯ src/ui/utils/errorParsing.test.ts:351:20

            </failure>
        </testcase>
        <testcase classname="src/ui/utils/errorParsing.test.ts" name="parseAndFormatApiError &gt; should format a regular 429 API error with standard message for Google auth (Standard tier)" time="0.001352875">
            <failure message="expected &apos;[API Error: Rate limit exceeded (Stat…&apos; to contain &apos;We appreciate you for choosing Gemini…&apos;" type="AssertionError">
AssertionError: expected &apos;[API Error: Rate limit exceeded (Stat…&apos; to contain &apos;We appreciate you for choosing Gemini…&apos;

- Expected
+ Received

- We appreciate you for choosing Gemini Code Assist and the Gemini CLI
+ [API Error: Rate limit exceeded (Status: RESOURCE_EXHAUSTED)]
+ Possible quota limitations in place or slow response times detected. Switching to the grok-4 model for the rest of this session.

 ❯ src/ui/utils/errorParsing.test.ts:371:20

            </failure>
        </testcase>
    </testsuite>
    <testsuite name="src/ui/utils/formatters.test.ts" timestamp="2025-07-12T22:10:28.061Z" hostname="Mac" tests="14" failures="0" errors="0" skipped="0" time="0.002137417">
        <testcase classname="src/ui/utils/formatters.test.ts" name="formatters &gt; formatMemoryUsage &gt; should format bytes into KB" time="0.000740833">
        </testcase>
        <testcase classname="src/ui/utils/formatters.test.ts" name="formatters &gt; formatMemoryUsage &gt; should format bytes into MB" time="0.000072375">
        </testcase>
        <testcase classname="src/ui/utils/formatters.test.ts" name="formatters &gt; formatMemoryUsage &gt; should format bytes into GB" time="0.000048542">
        </testcase>
        <testcase classname="src/ui/utils/formatters.test.ts" name="formatters &gt; formatDuration &gt; should format milliseconds less than a second" time="0.000079667">
        </testcase>
        <testcase classname="src/ui/utils/formatters.test.ts" name="formatters &gt; formatDuration &gt; should format a duration of 0" time="0.000038959">
        </testcase>
        <testcase classname="src/ui/utils/formatters.test.ts" name="formatters &gt; formatDuration &gt; should format an exact number of seconds" time="0.000038542">
        </testcase>
        <testcase classname="src/ui/utils/formatters.test.ts" name="formatters &gt; formatDuration &gt; should format a duration in seconds with one decimal place" time="0.000036292">
        </testcase>
        <testcase classname="src/ui/utils/formatters.test.ts" name="formatters &gt; formatDuration &gt; should format an exact number of minutes" time="0.000038958">
        </testcase>
        <testcase classname="src/ui/utils/formatters.test.ts" name="formatters &gt; formatDuration &gt; should format a duration in minutes and seconds" time="0.000042083">
        </testcase>
        <testcase classname="src/ui/utils/formatters.test.ts" name="formatters &gt; formatDuration &gt; should format an exact number of hours" time="0.000035458">
        </testcase>
        <testcase classname="src/ui/utils/formatters.test.ts" name="formatters &gt; formatDuration &gt; should format a duration in hours and seconds" time="0.000033375">
        </testcase>
        <testcase classname="src/ui/utils/formatters.test.ts" name="formatters &gt; formatDuration &gt; should format a duration in hours, minutes, and seconds" time="0.000033042">
        </testcase>
        <testcase classname="src/ui/utils/formatters.test.ts" name="formatters &gt; formatDuration &gt; should handle large durations" time="0.00003375">
        </testcase>
        <testcase classname="src/ui/utils/formatters.test.ts" name="formatters &gt; formatDuration &gt; should handle negative durations" time="0.000032334">
        </testcase>
    </testsuite>
    <testsuite name="src/ui/utils/markdownUtilities.test.ts" timestamp="2025-07-12T22:10:28.061Z" hostname="Mac" tests="7" failures="0" errors="0" skipped="0" time="0.002099084">
        <testcase classname="src/ui/utils/markdownUtilities.test.ts" name="markdownUtilities &gt; findLastSafeSplitPoint &gt; should split at the last double newline if not in a code block" time="0.000972708">
        </testcase>
        <testcase classname="src/ui/utils/markdownUtilities.test.ts" name="markdownUtilities &gt; findLastSafeSplitPoint &gt; should return content.length if no safe split point is found" time="0.000091792">
        </testcase>
        <testcase classname="src/ui/utils/markdownUtilities.test.ts" name="markdownUtilities &gt; findLastSafeSplitPoint &gt; should prioritize splitting at 

 over being at the very end of the string if the end is not in a code block" time="0.000051625">
        </testcase>
        <testcase classname="src/ui/utils/markdownUtilities.test.ts" name="markdownUtilities &gt; findLastSafeSplitPoint &gt; should return content.length if the only 

 is inside a code block and the end of content is not" time="0.000065583">
        </testcase>
        <testcase classname="src/ui/utils/markdownUtilities.test.ts" name="markdownUtilities &gt; findLastSafeSplitPoint &gt; should correctly identify the last 

 even if it is followed by text not in a code block" time="0.000038917">
        </testcase>
        <testcase classname="src/ui/utils/markdownUtilities.test.ts" name="markdownUtilities &gt; findLastSafeSplitPoint &gt; should return content.length if content is empty" time="0.000035416">
        </testcase>
        <testcase classname="src/ui/utils/markdownUtilities.test.ts" name="markdownUtilities &gt; findLastSafeSplitPoint &gt; should return content.length if content has no newlines and no code blocks" time="0.000035583">
        </testcase>
    </testsuite>
    <testsuite name="src/ui/utils/textUtils.test.ts" timestamp="2025-07-12T22:10:28.062Z" hostname="Mac" tests="5" failures="0" errors="0" skipped="0" time="0.001923458">
        <testcase classname="src/ui/utils/textUtils.test.ts" name="textUtils &gt; isBinary &gt; should return true for a buffer containing a null byte" time="0.000855083">
        </testcase>
        <testcase classname="src/ui/utils/textUtils.test.ts" name="textUtils &gt; isBinary &gt; should return false for a buffer containing only text" time="0.000107083">
        </testcase>
        <testcase classname="src/ui/utils/textUtils.test.ts" name="textUtils &gt; isBinary &gt; should return false for an empty buffer" time="0.000065375">
        </testcase>
        <testcase classname="src/ui/utils/textUtils.test.ts" name="textUtils &gt; isBinary &gt; should return false for a null or undefined buffer" time="0.000060542">
        </testcase>
        <testcase classname="src/ui/utils/textUtils.test.ts" name="textUtils &gt; isBinary &gt; should only check the sample size" time="0.000196792">
        </testcase>
    </testsuite>
    <testsuite name="src/ui/utils/updateCheck.test.ts" timestamp="2025-07-12T22:10:28.062Z" hostname="Mac" tests="6" failures="0" errors="0" skipped="0" time="0.003294125">
        <testcase classname="src/ui/utils/updateCheck.test.ts" name="checkForUpdates &gt; should return null if package.json is missing" time="0.000903917">
        </testcase>
        <testcase classname="src/ui/utils/updateCheck.test.ts" name="checkForUpdates &gt; should return null if there is no update" time="0.00010325">
        </testcase>
        <testcase classname="src/ui/utils/updateCheck.test.ts" name="checkForUpdates &gt; should return a message if a newer version is available" time="0.00045375">
        </testcase>
        <testcase classname="src/ui/utils/updateCheck.test.ts" name="checkForUpdates &gt; should return null if the latest version is the same as the current version" time="0.000101541">
        </testcase>
        <testcase classname="src/ui/utils/updateCheck.test.ts" name="checkForUpdates &gt; should return null if the latest version is older than the current version" time="0.000056709">
        </testcase>
        <testcase classname="src/ui/utils/updateCheck.test.ts" name="checkForUpdates &gt; should handle errors gracefully" time="0.000936209">
            <system-err>
Failed to check for updates: Error: test error

            </system-err>
        </testcase>
    </testsuite>
    <testsuite name="src/ui/components/messages/DiffRenderer.test.tsx" timestamp="2025-07-12T22:10:28.062Z" hostname="Mac" tests="13" failures="0" errors="0" skipped="0" time="0.143488458">
        <testcase classname="src/ui/components/messages/DiffRenderer.test.tsx" name="&lt;OverflowProvider&gt;&lt;DiffRenderer /&gt;&lt;/OverflowProvider&gt; &gt; should call colorizeCode with correct language for new file with known extension" time="0.018902583">
        </testcase>
        <testcase classname="src/ui/components/messages/DiffRenderer.test.tsx" name="&lt;OverflowProvider&gt;&lt;DiffRenderer /&gt;&lt;/OverflowProvider&gt; &gt; should call colorizeCode with null language for new file with unknown extension" time="0.076193291">
        </testcase>
        <testcase classname="src/ui/components/messages/DiffRenderer.test.tsx" name="&lt;OverflowProvider&gt;&lt;DiffRenderer /&gt;&lt;/OverflowProvider&gt; &gt; should call colorizeCode with null language for new file if no filename is provided" time="0.010426458">
        </testcase>
        <testcase classname="src/ui/components/messages/DiffRenderer.test.tsx" name="&lt;OverflowProvider&gt;&lt;DiffRenderer /&gt;&lt;/OverflowProvider&gt; &gt; should render diff content for existing file (not calling colorizeCode directly for the whole block)" time="0.002774167">
        </testcase>
        <testcase classname="src/ui/components/messages/DiffRenderer.test.tsx" name="&lt;OverflowProvider&gt;&lt;DiffRenderer /&gt;&lt;/OverflowProvider&gt; &gt; should handle diff with only header and no changes" time="0.001237292">
        </testcase>
        <testcase classname="src/ui/components/messages/DiffRenderer.test.tsx" name="&lt;OverflowProvider&gt;&lt;DiffRenderer /&gt;&lt;/OverflowProvider&gt; &gt; should handle empty diff content" time="0.000498792">
        </testcase>
        <testcase classname="src/ui/components/messages/DiffRenderer.test.tsx" name="&lt;OverflowProvider&gt;&lt;DiffRenderer /&gt;&lt;/OverflowProvider&gt; &gt; should render a gap indicator for skipped lines" time="0.004133459">
        </testcase>
        <testcase classname="src/ui/components/messages/DiffRenderer.test.tsx" name="&lt;OverflowProvider&gt;&lt;DiffRenderer /&gt;&lt;/OverflowProvider&gt; &gt; should not render a gap indicator for small gaps (&lt;= MAX_CONTEXT_LINES_WITHOUT_GAP)" time="0.005003167">
        </testcase>
        <testcase classname="src/ui/components/messages/DiffRenderer.test.tsx" name="&lt;OverflowProvider&gt;&lt;DiffRenderer /&gt;&lt;/OverflowProvider&gt; &gt; should correctly render a diff with multiple hunks and a gap indicator &gt; with terminalWidth 80 and height undefined" time="0.00524175">
        </testcase>
        <testcase classname="src/ui/components/messages/DiffRenderer.test.tsx" name="&lt;OverflowProvider&gt;&lt;DiffRenderer /&gt;&lt;/OverflowProvider&gt; &gt; should correctly render a diff with multiple hunks and a gap indicator &gt; with terminalWidth 80 and height 6" time="0.003570583">
        </testcase>
        <testcase classname="src/ui/components/messages/DiffRenderer.test.tsx" name="&lt;OverflowProvider&gt;&lt;DiffRenderer /&gt;&lt;/OverflowProvider&gt; &gt; should correctly render a diff with multiple hunks and a gap indicator &gt; with terminalWidth 30 and height 6" time="0.006311791">
        </testcase>
        <testcase classname="src/ui/components/messages/DiffRenderer.test.tsx" name="&lt;OverflowProvider&gt;&lt;DiffRenderer /&gt;&lt;/OverflowProvider&gt; &gt; should correctly render a diff with a SVN diff format" time="0.002677">
        </testcase>
        <testcase classname="src/ui/components/messages/DiffRenderer.test.tsx" name="&lt;OverflowProvider&gt;&lt;DiffRenderer /&gt;&lt;/OverflowProvider&gt; &gt; should correctly render a new file with no file extension correctly" time="0.005249625">
        </testcase>
    </testsuite>
    <testsuite name="src/ui/components/messages/ToolConfirmationMessage.test.tsx" timestamp="2025-07-12T22:10:28.063Z" hostname="Mac" tests="2" failures="0" errors="0" skipped="0" time="0.020575292">
        <testcase classname="src/ui/components/messages/ToolConfirmationMessage.test.tsx" name="ToolConfirmationMessage &gt; should not display urls if prompt and url are the same" time="0.016258542">
        </testcase>
        <testcase classname="src/ui/components/messages/ToolConfirmationMessage.test.tsx" name="ToolConfirmationMessage &gt; should display urls if prompt and url are different" time="0.003688792">
        </testcase>
    </testsuite>
    <testsuite name="src/ui/components/messages/ToolMessage.test.tsx" timestamp="2025-07-12T22:10:28.063Z" hostname="Mac" tests="11" failures="0" errors="0" skipped="0" time="0.032285458">
        <testcase classname="src/ui/components/messages/ToolMessage.test.tsx" name="&lt;ToolMessage /&gt; &gt; renders basic tool information" time="0.013741334">
        </testcase>
        <testcase classname="src/ui/components/messages/ToolMessage.test.tsx" name="&lt;ToolMessage /&gt; &gt; ToolStatusIndicator rendering &gt; shows ✔ for Success status" time="0.001325666">
        </testcase>
        <testcase classname="src/ui/components/messages/ToolMessage.test.tsx" name="&lt;ToolMessage /&gt; &gt; ToolStatusIndicator rendering &gt; shows o for Pending status" time="0.001011625">
        </testcase>
        <testcase classname="src/ui/components/messages/ToolMessage.test.tsx" name="&lt;ToolMessage /&gt; &gt; ToolStatusIndicator rendering &gt; shows ? for Confirming status" time="0.00103225">
        </testcase>
        <testcase classname="src/ui/components/messages/ToolMessage.test.tsx" name="&lt;ToolMessage /&gt; &gt; ToolStatusIndicator rendering &gt; shows - for Canceled status" time="0.000949875">
        </testcase>
        <testcase classname="src/ui/components/messages/ToolMessage.test.tsx" name="&lt;ToolMessage /&gt; &gt; ToolStatusIndicator rendering &gt; shows x for Error status" time="0.000947416">
        </testcase>
        <testcase classname="src/ui/components/messages/ToolMessage.test.tsx" name="&lt;ToolMessage /&gt; &gt; ToolStatusIndicator rendering &gt; shows paused spinner for Executing status when streamingState is Idle" time="0.001121708">
        </testcase>
        <testcase classname="src/ui/components/messages/ToolMessage.test.tsx" name="&lt;ToolMessage /&gt; &gt; ToolStatusIndicator rendering &gt; shows paused spinner for Executing status when streamingState is WaitingForConfirmation" time="0.001045458">
        </testcase>
        <testcase classname="src/ui/components/messages/ToolMessage.test.tsx" name="&lt;ToolMessage /&gt; &gt; ToolStatusIndicator rendering &gt; shows MockRespondingSpinner for Executing status when streamingState is Responding" time="0.001182333">
        </testcase>
        <testcase classname="src/ui/components/messages/ToolMessage.test.tsx" name="&lt;ToolMessage /&gt; &gt; renders DiffRenderer for diff results" time="0.006672833">
        </testcase>
        <testcase classname="src/ui/components/messages/ToolMessage.test.tsx" name="&lt;ToolMessage /&gt; &gt; renders emphasis correctly" time="0.002500958">
        </testcase>
    </testsuite>
    <testsuite name="src/ui/components/shared/MaxSizedBox.test.tsx" timestamp="2025-07-12T22:10:28.064Z" hostname="Mac" tests="16" failures="0" errors="0" skipped="0" time="0.039814792">
        <testcase classname="src/ui/components/shared/MaxSizedBox.test.tsx" name="&lt;MaxSizedBox /&gt; &gt; renders children without truncation when they fit" time="0.012892875">
        </testcase>
        <testcase classname="src/ui/components/shared/MaxSizedBox.test.tsx" name="&lt;MaxSizedBox /&gt; &gt; hides lines when content exceeds maxHeight" time="0.001636916">
        </testcase>
        <testcase classname="src/ui/components/shared/MaxSizedBox.test.tsx" name="&lt;MaxSizedBox /&gt; &gt; hides lines at the end when content exceeds maxHeight and overflowDirection is bottom" time="0.000960458">
        </testcase>
        <testcase classname="src/ui/components/shared/MaxSizedBox.test.tsx" name="&lt;MaxSizedBox /&gt; &gt; wraps text that exceeds maxWidth" time="0.001296458">
        </testcase>
        <testcase classname="src/ui/components/shared/MaxSizedBox.test.tsx" name="&lt;MaxSizedBox /&gt; &gt; handles mixed wrapping and non-wrapping segments" time="0.004480459">
        </testcase>
        <testcase classname="src/ui/components/shared/MaxSizedBox.test.tsx" name="&lt;MaxSizedBox /&gt; &gt; handles words longer than maxWidth by splitting them" time="0.002930834">
        </testcase>
        <testcase classname="src/ui/components/shared/MaxSizedBox.test.tsx" name="&lt;MaxSizedBox /&gt; &gt; does not truncate when maxHeight is undefined" time="0.000798875">
        </testcase>
        <testcase classname="src/ui/components/shared/MaxSizedBox.test.tsx" name="&lt;MaxSizedBox /&gt; &gt; shows plural &quot;lines&quot; when more than one line is hidden" time="0.000819291">
        </testcase>
        <testcase classname="src/ui/components/shared/MaxSizedBox.test.tsx" name="&lt;MaxSizedBox /&gt; &gt; shows plural &quot;lines&quot; when more than one line is hidden and overflowDirection is bottom" time="0.000861667">
        </testcase>
        <testcase classname="src/ui/components/shared/MaxSizedBox.test.tsx" name="&lt;MaxSizedBox /&gt; &gt; renders an empty box for empty children" time="0.000303959">
        </testcase>
        <testcase classname="src/ui/components/shared/MaxSizedBox.test.tsx" name="&lt;MaxSizedBox /&gt; &gt; wraps text with multi-byte unicode characters correctly" time="0.000682208">
        </testcase>
        <testcase classname="src/ui/components/shared/MaxSizedBox.test.tsx" name="&lt;MaxSizedBox /&gt; &gt; wraps text with multi-byte emoji characters correctly" time="0.00072975">
        </testcase>
        <testcase classname="src/ui/components/shared/MaxSizedBox.test.tsx" name="&lt;MaxSizedBox /&gt; &gt; accounts for additionalHiddenLinesCount" time="0.00087225">
        </testcase>
        <testcase classname="src/ui/components/shared/MaxSizedBox.test.tsx" name="&lt;MaxSizedBox /&gt; &gt; handles React.Fragment as a child" time="0.001075375">
        </testcase>
        <testcase classname="src/ui/components/shared/MaxSizedBox.test.tsx" name="&lt;MaxSizedBox /&gt; &gt; clips a long single text child from the top" time="0.005953584">
        </testcase>
        <testcase classname="src/ui/components/shared/MaxSizedBox.test.tsx" name="&lt;MaxSizedBox /&gt; &gt; clips a long single text child from the bottom" time="0.002412042">
        </testcase>
    </testsuite>
    <testsuite name="src/ui/components/shared/text-buffer.test.ts" timestamp="2025-07-12T22:10:28.065Z" hostname="Mac" tests="1" failures="1" errors="0" skipped="0" time="0">
        <testcase classname="src/ui/components/shared/text-buffer.test.ts" name="src/ui/components/shared/text-buffer.test.ts" time="0">
            <failure message="Cannot find module &apos;@testing-library/dom&apos;
Require stack:
- /Users/sam/sites/GrokCLI/packages/cli/node_modules/@testing-library/react/dist/pure.js" type="Error">
Error: Cannot find module &apos;@testing-library/dom&apos;
Require stack:
- /Users/sam/sites/GrokCLI/packages/cli/node_modules/@testing-library/react/dist/pure.js
 ❯ Object.&lt;anonymous&gt; node_modules/@testing-library/react/dist/pure.js:46:12

⎯⎯⎯⎯⎯⎯⎯⎯⎯⎯⎯⎯⎯⎯⎯⎯⎯⎯⎯⎯⎯⎯⎯⎯⎯⎯⎯⎯⎯⎯⎯⎯⎯⎯⎯⎯⎯⎯⎯⎯⎯⎯⎯⎯⎯⎯⎯⎯⎯⎯⎯⎯⎯⎯⎯⎯⎯⎯⎯⎯⎯⎯⎯⎯⎯⎯⎯⎯⎯⎯⎯⎯⎯⎯⎯⎯⎯⎯⎯⎯⎯⎯⎯⎯⎯⎯⎯⎯⎯⎯⎯⎯⎯⎯⎯⎯⎯⎯⎯⎯⎯⎯⎯⎯⎯⎯⎯⎯⎯⎯⎯⎯⎯⎯⎯⎯⎯⎯⎯⎯⎯⎯⎯⎯⎯⎯⎯⎯⎯⎯⎯⎯⎯⎯⎯⎯⎯⎯⎯⎯⎯⎯⎯⎯⎯⎯⎯⎯⎯⎯⎯⎯⎯⎯⎯⎯⎯⎯⎯⎯⎯⎯⎯
Serialized Error: { code: &apos;MODULE_NOT_FOUND&apos;, requireStack: [ &apos;/Users/sam/sites/GrokCLI/packages/cli/node_modules/@testing-library/react/dist/pure.js&apos; ] }
            </failure>
        </testcase>
    </testsuite>
</testsuites>
